<?xml version="1.0" encoding="UTF-8"?>
<robot generator="Robot 3.2.2 (Python 3.8.7 on win32)" generated="20210214 23:34:51.451" rpa="false">
<suite id="s1" name="Youtube" source="C:\Users\João Lopes\Documents\Robot_Tests\Youtube.robot">
<test id="s1-t1" name="Threanding">
<kw name="Setup" type="setup">
<kw name="Open Browser" library="Selenium2Library">
<doc>Opens a new browser instance to the optional ``url``.</doc>
<arguments>
<arg>${url}</arg>
<arg>${browser}</arg>
</arguments>
<msg timestamp="20210214 23:34:51.603" level="INFO">Opening browser 'chrome' to base url 'https://www.youtube.com/'.</msg>
<status status="PASS" starttime="20210214 23:34:51.602" endtime="20210214 23:34:55.551"></status>
</kw>
<kw name="Maximize Browser Window" library="Selenium2Library">
<doc>Maximizes current browser window.</doc>
<status status="PASS" starttime="20210214 23:34:55.551" endtime="20210214 23:34:55.760"></status>
</kw>
<kw name="Wait Until Element Is Visible" library="Selenium2Library">
<doc>Waits until the element ``locator`` is visible.</doc>
<arguments>
<arg>${login_popup_no_tanks}</arg>
</arguments>
<status status="PASS" starttime="20210214 23:34:55.760" endtime="20210214 23:34:55.824"></status>
</kw>
<kw name="Click Element" library="Selenium2Library">
<doc>Click the element identified by ``locator``.</doc>
<arguments>
<arg>${login_popup_no_tanks}</arg>
</arguments>
<msg timestamp="20210214 23:34:55.824" level="INFO">Clicking element '//paper-button[@class="style-scope yt-button-renderer style-text size-small"]'.</msg>
<status status="PASS" starttime="20210214 23:34:55.824" endtime="20210214 23:34:55.892"></status>
</kw>
<kw name="Select Frame" library="Selenium2Library">
<doc>Sets frame identified by ``locator`` as the current frame.</doc>
<arguments>
<arg>${login_popup_frame}</arg>
</arguments>
<msg timestamp="20210214 23:34:55.893" level="INFO">Selecting frame '//*[@id="iframe"]'.</msg>
<status status="PASS" starttime="20210214 23:34:55.892" endtime="20210214 23:34:56.504"></status>
</kw>
<kw name="Click Element" library="Selenium2Library">
<doc>Click the element identified by ``locator``.</doc>
<arguments>
<arg>${cookies_popup}</arg>
</arguments>
<msg timestamp="20210214 23:34:56.504" level="INFO">Clicking element '//*[@id="introAgreeButton"]/span'.</msg>
<status status="PASS" starttime="20210214 23:34:56.504" endtime="20210214 23:34:57.084"></status>
</kw>
<kw name="Unselect Frame" library="Selenium2Library">
<doc>Sets the main frame as the current frame.</doc>
<status status="PASS" starttime="20210214 23:34:57.084" endtime="20210214 23:34:57.086"></status>
</kw>
<status status="PASS" starttime="20210214 23:34:51.602" endtime="20210214 23:34:57.086"></status>
</kw>
<kw name="Given I navigate to Youtube trending page">
<kw name="Wait Until Element Is Visible" library="Selenium2Library">
<doc>Waits until the element ``locator`` is visible.</doc>
<arguments>
<arg>${trending}</arg>
</arguments>
<status status="PASS" starttime="20210214 23:34:57.086" endtime="20210214 23:34:57.102"></status>
</kw>
<kw name="Click Element" library="Selenium2Library">
<doc>Click the element identified by ``locator``.</doc>
<arguments>
<arg>${trending}</arg>
</arguments>
<msg timestamp="20210214 23:34:57.103" level="INFO">Clicking element '(//div[@id="items"]//*[@href="/feed/trending"])[1]'.</msg>
<status status="PASS" starttime="20210214 23:34:57.102" endtime="20210214 23:34:57.150"></status>
</kw>
<kw name="Wait Until Page Contains Element" library="Selenium2Library">
<doc>Waits until the element ``locator`` appears on the current page.</doc>
<arguments>
<arg>${trending_list}</arg>
</arguments>
<status status="PASS" starttime="20210214 23:34:57.150" endtime="20210214 23:34:57.775"></status>
</kw>
<status status="PASS" starttime="20210214 23:34:57.086" endtime="20210214 23:34:57.775"></status>
</kw>
<kw name="I conferm that are 50 videos">
<kw name="Wait Until Page Contains Element" library="Selenium2Library">
<doc>Waits until the element ``locator`` appears on the current page.</doc>
<arguments>
<arg>${trending_list}</arg>
</arguments>
<status status="PASS" starttime="20210214 23:34:57.775" endtime="20210214 23:34:57.798"></status>
</kw>
<kw name="Get Element Count" library="Selenium2Library">
<doc>Returns the number of elements matching ``locator``.</doc>
<arguments>
<arg>${trending_list}</arg>
</arguments>
<assign>
<var>${count}</var>
</assign>
<msg timestamp="20210214 23:34:57.821" level="INFO">${count} = 50</msg>
<status status="PASS" starttime="20210214 23:34:57.798" endtime="20210214 23:34:57.821"></status>
</kw>
<kw name="Should Be True" library="BuiltIn">
<doc>Fails if the given condition is not true.</doc>
<arguments>
<arg>${count}==${n_threanding}</arg>
</arguments>
<status status="PASS" starttime="20210214 23:34:57.821" endtime="20210214 23:34:57.822"></status>
</kw>
<kw name="Log" library="BuiltIn">
<doc>Logs the given message with the given level.</doc>
<arguments>
<arg>Number of threanding videos: ${count}</arg>
<arg>warn</arg>
</arguments>
<msg timestamp="20210214 23:34:57.822" level="WARN">Number of threanding videos: 50</msg>
<status status="PASS" starttime="20210214 23:34:57.822" endtime="20210214 23:34:57.822"></status>
</kw>
<status status="PASS" starttime="20210214 23:34:57.775" endtime="20210214 23:34:57.823"></status>
</kw>
<kw name="I get the relevant data from the videos">
<kw name="${i} IN RANGE [ 1 | 50 ]" type="for">
<kw name="${i} = 1" type="foritem">
<kw name="Wait Until Element Is Visible" library="Selenium2Library">
<doc>Waits until the element ``locator`` is visible.</doc>
<arguments>
<arg>${trending_list}\[${i}]</arg>
</arguments>
<status status="PASS" starttime="20210214 23:34:57.823" endtime="20210214 23:34:57.896"></status>
</kw>
<kw name="Scroll Element Into View" library="Selenium2Library">
<doc>Scrolls the element identified by ``locator`` into view.</doc>
<arguments>
<arg>${trending_list}\[${i}]</arg>
</arguments>
<status status="PASS" starttime="20210214 23:34:57.896" endtime="20210214 23:34:58.214"></status>
</kw>
<kw name="Click Element" library="Selenium2Library">
<doc>Click the element identified by ``locator``.</doc>
<arguments>
<arg>${trending_list}\[${i}]</arg>
</arguments>
<msg timestamp="20210214 23:34:58.215" level="INFO">Clicking element '(//*[@id="grid-container"])[1]/ytd-video-renderer[1]'.</msg>
<status status="PASS" starttime="20210214 23:34:58.215" endtime="20210214 23:34:58.265"></status>
</kw>
<kw name="Wait Until Element Is Visible" library="Selenium2Library">
<doc>Waits until the element ``locator`` is visible.</doc>
<arguments>
<arg>${video_title}</arg>
</arguments>
<status status="PASS" starttime="20210214 23:34:58.265" endtime="20210214 23:35:01.211"></status>
</kw>
<kw name="Get Text" library="Selenium2Library">
<doc>Returns the text value of the element identified by ``locator``.</doc>
<arguments>
<arg>${video_title}</arg>
</arguments>
<assign>
<var>${titulo}</var>
</assign>
<msg timestamp="20210214 23:35:01.228" level="INFO">${titulo} = David Carreira - Amor Em Casa</msg>
<status status="PASS" starttime="20210214 23:35:01.211" endtime="20210214 23:35:01.228"></status>
</kw>
<kw name="Append To List" library="Collections">
<doc>Adds ``values`` to the end of ``list``.</doc>
<arguments>
<arg>${title}</arg>
<arg>${titulo}</arg>
</arguments>
<status status="PASS" starttime="20210214 23:35:01.228" endtime="20210214 23:35:01.228"></status>
</kw>
<kw name="Get Text" library="Selenium2Library">
<doc>Returns the text value of the element identified by ``locator``.</doc>
<arguments>
<arg>${video_views}</arg>
</arguments>
<assign>
<var>${visualizacoes}</var>
</assign>
<msg timestamp="20210214 23:35:01.249" level="INFO">${visualizacoes} = 1 463 083 visualizações</msg>
<status status="PASS" starttime="20210214 23:35:01.228" endtime="20210214 23:35:01.249"></status>
</kw>
<kw name="convert views">
<arguments>
<arg>${visualizacoes}</arg>
</arguments>
<assign>
<var>${views_convertida}</var>
</assign>
<kw name="Split String" library="String">
<doc>Splits the ``string`` using ``separator`` as a delimiter string.</doc>
<arguments>
<arg>${views_to_split}</arg>
<arg>${SPACE}</arg>
</arguments>
<assign>
<var>@{words}</var>
</assign>
<msg timestamp="20210214 23:35:01.249" level="INFO">@{words} = [ 1 | 463 | 083 | visualizações ]</msg>
<status status="PASS" starttime="20210214 23:35:01.249" endtime="20210214 23:35:01.249"></status>
</kw>
<kw name="Get Length" library="BuiltIn">
<doc>Returns and logs the length of the given item as an integer.</doc>
<arguments>
<arg>${words}</arg>
</arguments>
<assign>
<var>${leng}</var>
</assign>
<msg timestamp="20210214 23:35:01.250" level="INFO">Length is 4</msg>
<msg timestamp="20210214 23:35:01.250" level="INFO">${leng} = 4</msg>
<status status="PASS" starttime="20210214 23:35:01.250" endtime="20210214 23:35:01.250"></status>
</kw>
<kw name="Run Keyword If" library="BuiltIn">
<doc>Runs the given keyword with the given arguments, if ``condition`` is true.</doc>
<arguments>
<arg>${leng}==4</arg>
<arg>Catenate</arg>
<arg>SEPARATOR=</arg>
<arg>${words[0]}</arg>
<arg>${words[1]}</arg>
<arg>${words[2]}</arg>
<arg>ELSE</arg>
<arg>Catenate</arg>
<arg>SEPARATOR=</arg>
<arg>${words[0]}</arg>
<arg>${words[1]}</arg>
</arguments>
<assign>
<var>${views_join}</var>
</assign>
<kw name="Catenate" library="BuiltIn">
<doc>Catenates the given items together and returns the resulted string.</doc>
<arguments>
<arg>SEPARATOR=</arg>
<arg>${words[0]}</arg>
<arg>${words[1]}</arg>
<arg>${words[2]}</arg>
</arguments>
<status status="PASS" starttime="20210214 23:35:01.250" endtime="20210214 23:35:01.250"></status>
</kw>
<msg timestamp="20210214 23:35:01.250" level="INFO">${views_join} = 1463083</msg>
<status status="PASS" starttime="20210214 23:35:01.250" endtime="20210214 23:35:01.250"></status>
</kw>
<msg timestamp="20210214 23:35:01.251" level="INFO">${views_convertida} = 1463083</msg>
<status status="PASS" starttime="20210214 23:35:01.249" endtime="20210214 23:35:01.251"></status>
</kw>
<kw name="Append To List" library="Collections">
<doc>Adds ``values`` to the end of ``list``.</doc>
<arguments>
<arg>${views}</arg>
<arg>${views_convertida}</arg>
</arguments>
<status status="PASS" starttime="20210214 23:35:01.251" endtime="20210214 23:35:01.251"></status>
</kw>
<kw name="Get Text" library="Selenium2Library">
<doc>Returns the text value of the element identified by ``locator``.</doc>
<arguments>
<arg>${video_duration}</arg>
</arguments>
<assign>
<var>${duracao}</var>
</assign>
<msg timestamp="20210214 23:35:01.277" level="INFO">${duracao} = 0:59</msg>
<status status="PASS" starttime="20210214 23:35:01.251" endtime="20210214 23:35:01.277"></status>
</kw>
<kw name="Append To List" library="Collections">
<doc>Adds ``values`` to the end of ``list``.</doc>
<arguments>
<arg>${duraction}</arg>
<arg>${duracao}</arg>
</arguments>
<status status="PASS" starttime="20210214 23:35:01.277" endtime="20210214 23:35:01.277"></status>
</kw>
<kw name="Go Back" library="Selenium2Library">
<doc>Simulates the user clicking the back button on their browser.</doc>
<status status="PASS" starttime="20210214 23:35:01.277" endtime="20210214 23:35:01.401"></status>
</kw>
<status status="PASS" starttime="20210214 23:34:57.823" endtime="20210214 23:35:01.401"></status>
</kw>
<kw name="${i} = 2" type="foritem">
<kw name="Wait Until Element Is Visible" library="Selenium2Library">
<doc>Waits until the element ``locator`` is visible.</doc>
<arguments>
<arg>${trending_list}\[${i}]</arg>
</arguments>
<status status="PASS" starttime="20210214 23:35:01.402" endtime="20210214 23:35:01.421"></status>
</kw>
<kw name="Scroll Element Into View" library="Selenium2Library">
<doc>Scrolls the element identified by ``locator`` into view.</doc>
<arguments>
<arg>${trending_list}\[${i}]</arg>
</arguments>
<status status="PASS" starttime="20210214 23:35:01.421" endtime="20210214 23:35:01.718"></status>
</kw>
<kw name="Click Element" library="Selenium2Library">
<doc>Click the element identified by ``locator``.</doc>
<arguments>
<arg>${trending_list}\[${i}]</arg>
</arguments>
<msg timestamp="20210214 23:35:01.718" level="INFO">Clicking element '(//*[@id="grid-container"])[1]/ytd-video-renderer[2]'.</msg>
<status status="PASS" starttime="20210214 23:35:01.718" endtime="20210214 23:35:01.760"></status>
</kw>
<kw name="Wait Until Element Is Visible" library="Selenium2Library">
<doc>Waits until the element ``locator`` is visible.</doc>
<arguments>
<arg>${video_title}</arg>
</arguments>
<status status="PASS" starttime="20210214 23:35:01.760" endtime="20210214 23:35:02.243"></status>
</kw>
<kw name="Get Text" library="Selenium2Library">
<doc>Returns the text value of the element identified by ``locator``.</doc>
<arguments>
<arg>${video_title}</arg>
</arguments>
<assign>
<var>${titulo}</var>
</assign>
<msg timestamp="20210214 23:35:02.269" level="INFO">${titulo} = The Weeknd’s FULL Pepsi Super Bowl LV Halftime Show</msg>
<status status="PASS" starttime="20210214 23:35:02.243" endtime="20210214 23:35:02.269"></status>
</kw>
<kw name="Append To List" library="Collections">
<doc>Adds ``values`` to the end of ``list``.</doc>
<arguments>
<arg>${title}</arg>
<arg>${titulo}</arg>
</arguments>
<status status="PASS" starttime="20210214 23:35:02.269" endtime="20210214 23:35:02.269"></status>
</kw>
<kw name="Get Text" library="Selenium2Library">
<doc>Returns the text value of the element identified by ``locator``.</doc>
<arguments>
<arg>${video_views}</arg>
</arguments>
<assign>
<var>${visualizacoes}</var>
</assign>
<msg timestamp="20210214 23:35:02.287" level="INFO">${visualizacoes} = 26 565 312 visualizações</msg>
<status status="PASS" starttime="20210214 23:35:02.269" endtime="20210214 23:35:02.287"></status>
</kw>
<kw name="convert views">
<arguments>
<arg>${visualizacoes}</arg>
</arguments>
<assign>
<var>${views_convertida}</var>
</assign>
<kw name="Split String" library="String">
<doc>Splits the ``string`` using ``separator`` as a delimiter string.</doc>
<arguments>
<arg>${views_to_split}</arg>
<arg>${SPACE}</arg>
</arguments>
<assign>
<var>@{words}</var>
</assign>
<msg timestamp="20210214 23:35:02.288" level="INFO">@{words} = [ 26 | 565 | 312 | visualizações ]</msg>
<status status="PASS" starttime="20210214 23:35:02.288" endtime="20210214 23:35:02.288"></status>
</kw>
<kw name="Get Length" library="BuiltIn">
<doc>Returns and logs the length of the given item as an integer.</doc>
<arguments>
<arg>${words}</arg>
</arguments>
<assign>
<var>${leng}</var>
</assign>
<msg timestamp="20210214 23:35:02.288" level="INFO">Length is 4</msg>
<msg timestamp="20210214 23:35:02.288" level="INFO">${leng} = 4</msg>
<status status="PASS" starttime="20210214 23:35:02.288" endtime="20210214 23:35:02.288"></status>
</kw>
<kw name="Run Keyword If" library="BuiltIn">
<doc>Runs the given keyword with the given arguments, if ``condition`` is true.</doc>
<arguments>
<arg>${leng}==4</arg>
<arg>Catenate</arg>
<arg>SEPARATOR=</arg>
<arg>${words[0]}</arg>
<arg>${words[1]}</arg>
<arg>${words[2]}</arg>
<arg>ELSE</arg>
<arg>Catenate</arg>
<arg>SEPARATOR=</arg>
<arg>${words[0]}</arg>
<arg>${words[1]}</arg>
</arguments>
<assign>
<var>${views_join}</var>
</assign>
<kw name="Catenate" library="BuiltIn">
<doc>Catenates the given items together and returns the resulted string.</doc>
<arguments>
<arg>SEPARATOR=</arg>
<arg>${words[0]}</arg>
<arg>${words[1]}</arg>
<arg>${words[2]}</arg>
</arguments>
<status status="PASS" starttime="20210214 23:35:02.289" endtime="20210214 23:35:02.289"></status>
</kw>
<msg timestamp="20210214 23:35:02.289" level="INFO">${views_join} = 26565312</msg>
<status status="PASS" starttime="20210214 23:35:02.288" endtime="20210214 23:35:02.289"></status>
</kw>
<msg timestamp="20210214 23:35:02.289" level="INFO">${views_convertida} = 26565312</msg>
<status status="PASS" starttime="20210214 23:35:02.287" endtime="20210214 23:35:02.289"></status>
</kw>
<kw name="Append To List" library="Collections">
<doc>Adds ``values`` to the end of ``list``.</doc>
<arguments>
<arg>${views}</arg>
<arg>${views_convertida}</arg>
</arguments>
<status status="PASS" starttime="20210214 23:35:02.289" endtime="20210214 23:35:02.289"></status>
</kw>
<kw name="Get Text" library="Selenium2Library">
<doc>Returns the text value of the element identified by ``locator``.</doc>
<arguments>
<arg>${video_duration}</arg>
</arguments>
<assign>
<var>${duracao}</var>
</assign>
<msg timestamp="20210214 23:35:02.303" level="INFO">${duracao} = 0:58</msg>
<status status="PASS" starttime="20210214 23:35:02.289" endtime="20210214 23:35:02.303"></status>
</kw>
<kw name="Append To List" library="Collections">
<doc>Adds ``values`` to the end of ``list``.</doc>
<arguments>
<arg>${duraction}</arg>
<arg>${duracao}</arg>
</arguments>
<status status="PASS" starttime="20210214 23:35:02.303" endtime="20210214 23:35:02.303"></status>
</kw>
<kw name="Go Back" library="Selenium2Library">
<doc>Simulates the user clicking the back button on their browser.</doc>
<status status="PASS" starttime="20210214 23:35:02.303" endtime="20210214 23:35:02.426"></status>
</kw>
<status status="PASS" starttime="20210214 23:35:01.401" endtime="20210214 23:35:02.426"></status>
</kw>
<kw name="${i} = 3" type="foritem">
<kw name="Wait Until Element Is Visible" library="Selenium2Library">
<doc>Waits until the element ``locator`` is visible.</doc>
<arguments>
<arg>${trending_list}\[${i}]</arg>
</arguments>
<status status="PASS" starttime="20210214 23:35:02.426" endtime="20210214 23:35:02.446"></status>
</kw>
<kw name="Scroll Element Into View" library="Selenium2Library">
<doc>Scrolls the element identified by ``locator`` into view.</doc>
<arguments>
<arg>${trending_list}\[${i}]</arg>
</arguments>
<status status="PASS" starttime="20210214 23:35:02.446" endtime="20210214 23:35:02.733"></status>
</kw>
<kw name="Click Element" library="Selenium2Library">
<doc>Click the element identified by ``locator``.</doc>
<arguments>
<arg>${trending_list}\[${i}]</arg>
</arguments>
<msg timestamp="20210214 23:35:02.734" level="INFO">Clicking element '(//*[@id="grid-container"])[1]/ytd-video-renderer[3]'.</msg>
<status status="PASS" starttime="20210214 23:35:02.733" endtime="20210214 23:35:02.774"></status>
</kw>
<kw name="Wait Until Element Is Visible" library="Selenium2Library">
<doc>Waits until the element ``locator`` is visible.</doc>
<arguments>
<arg>${video_title}</arg>
</arguments>
<status status="PASS" starttime="20210214 23:35:02.774" endtime="20210214 23:35:03.318"></status>
</kw>
<kw name="Get Text" library="Selenium2Library">
<doc>Returns the text value of the element identified by ``locator``.</doc>
<arguments>
<arg>${video_title}</arg>
</arguments>
<assign>
<var>${titulo}</var>
</assign>
<msg timestamp="20210214 23:35:03.417" level="INFO">${titulo} = Highlights | Resumo: SC Braga 1-1 FC Porto (Taça de Portugal 20/21)</msg>
<status status="PASS" starttime="20210214 23:35:03.318" endtime="20210214 23:35:03.417"></status>
</kw>
<kw name="Append To List" library="Collections">
<doc>Adds ``values`` to the end of ``list``.</doc>
<arguments>
<arg>${title}</arg>
<arg>${titulo}</arg>
</arguments>
<status status="PASS" starttime="20210214 23:35:03.417" endtime="20210214 23:35:03.417"></status>
</kw>
<kw name="Get Text" library="Selenium2Library">
<doc>Returns the text value of the element identified by ``locator``.</doc>
<arguments>
<arg>${video_views}</arg>
</arguments>
<assign>
<var>${visualizacoes}</var>
</assign>
<msg timestamp="20210214 23:35:03.527" level="INFO">${visualizacoes} = 212 010 visualizações</msg>
<status status="PASS" starttime="20210214 23:35:03.417" endtime="20210214 23:35:03.527"></status>
</kw>
<kw name="convert views">
<arguments>
<arg>${visualizacoes}</arg>
</arguments>
<assign>
<var>${views_convertida}</var>
</assign>
<kw name="Split String" library="String">
<doc>Splits the ``string`` using ``separator`` as a delimiter string.</doc>
<arguments>
<arg>${views_to_split}</arg>
<arg>${SPACE}</arg>
</arguments>
<assign>
<var>@{words}</var>
</assign>
<msg timestamp="20210214 23:35:03.527" level="INFO">@{words} = [ 212 | 010 | visualizações ]</msg>
<status status="PASS" starttime="20210214 23:35:03.527" endtime="20210214 23:35:03.527"></status>
</kw>
<kw name="Get Length" library="BuiltIn">
<doc>Returns and logs the length of the given item as an integer.</doc>
<arguments>
<arg>${words}</arg>
</arguments>
<assign>
<var>${leng}</var>
</assign>
<msg timestamp="20210214 23:35:03.527" level="INFO">Length is 3</msg>
<msg timestamp="20210214 23:35:03.527" level="INFO">${leng} = 3</msg>
<status status="PASS" starttime="20210214 23:35:03.527" endtime="20210214 23:35:03.527"></status>
</kw>
<kw name="Run Keyword If" library="BuiltIn">
<doc>Runs the given keyword with the given arguments, if ``condition`` is true.</doc>
<arguments>
<arg>${leng}==4</arg>
<arg>Catenate</arg>
<arg>SEPARATOR=</arg>
<arg>${words[0]}</arg>
<arg>${words[1]}</arg>
<arg>${words[2]}</arg>
<arg>ELSE</arg>
<arg>Catenate</arg>
<arg>SEPARATOR=</arg>
<arg>${words[0]}</arg>
<arg>${words[1]}</arg>
</arguments>
<assign>
<var>${views_join}</var>
</assign>
<kw name="Catenate" library="BuiltIn">
<doc>Catenates the given items together and returns the resulted string.</doc>
<arguments>
<arg>SEPARATOR=</arg>
<arg>${words[0]}</arg>
<arg>${words[1]}</arg>
</arguments>
<status status="PASS" starttime="20210214 23:35:03.528" endtime="20210214 23:35:03.528"></status>
</kw>
<msg timestamp="20210214 23:35:03.528" level="INFO">${views_join} = 212010</msg>
<status status="PASS" starttime="20210214 23:35:03.528" endtime="20210214 23:35:03.528"></status>
</kw>
<msg timestamp="20210214 23:35:03.528" level="INFO">${views_convertida} = 212010</msg>
<status status="PASS" starttime="20210214 23:35:03.527" endtime="20210214 23:35:03.528"></status>
</kw>
<kw name="Append To List" library="Collections">
<doc>Adds ``values`` to the end of ``list``.</doc>
<arguments>
<arg>${views}</arg>
<arg>${views_convertida}</arg>
</arguments>
<status status="PASS" starttime="20210214 23:35:03.528" endtime="20210214 23:35:03.528"></status>
</kw>
<kw name="Get Text" library="Selenium2Library">
<doc>Returns the text value of the element identified by ``locator``.</doc>
<arguments>
<arg>${video_duration}</arg>
</arguments>
<assign>
<var>${duracao}</var>
</assign>
<msg timestamp="20210214 23:35:03.582" level="INFO">${duracao} = 4:37</msg>
<status status="PASS" starttime="20210214 23:35:03.529" endtime="20210214 23:35:03.582"></status>
</kw>
<kw name="Append To List" library="Collections">
<doc>Adds ``values`` to the end of ``list``.</doc>
<arguments>
<arg>${duraction}</arg>
<arg>${duracao}</arg>
</arguments>
<status status="PASS" starttime="20210214 23:35:03.582" endtime="20210214 23:35:03.583"></status>
</kw>
<kw name="Go Back" library="Selenium2Library">
<doc>Simulates the user clicking the back button on their browser.</doc>
<status status="PASS" starttime="20210214 23:35:03.583" endtime="20210214 23:35:03.718"></status>
</kw>
<status status="PASS" starttime="20210214 23:35:02.426" endtime="20210214 23:35:03.718"></status>
</kw>
<kw name="${i} = 4" type="foritem">
<kw name="Wait Until Element Is Visible" library="Selenium2Library">
<doc>Waits until the element ``locator`` is visible.</doc>
<arguments>
<arg>${trending_list}\[${i}]</arg>
</arguments>
<status status="PASS" starttime="20210214 23:35:03.718" endtime="20210214 23:35:03.780"></status>
</kw>
<kw name="Scroll Element Into View" library="Selenium2Library">
<doc>Scrolls the element identified by ``locator`` into view.</doc>
<arguments>
<arg>${trending_list}\[${i}]</arg>
</arguments>
<status status="PASS" starttime="20210214 23:35:03.780" endtime="20210214 23:35:04.060"></status>
</kw>
<kw name="Click Element" library="Selenium2Library">
<doc>Click the element identified by ``locator``.</doc>
<arguments>
<arg>${trending_list}\[${i}]</arg>
</arguments>
<msg timestamp="20210214 23:35:04.061" level="INFO">Clicking element '(//*[@id="grid-container"])[1]/ytd-video-renderer[4]'.</msg>
<status status="PASS" starttime="20210214 23:35:04.061" endtime="20210214 23:35:04.099"></status>
</kw>
<kw name="Wait Until Element Is Visible" library="Selenium2Library">
<doc>Waits until the element ``locator`` is visible.</doc>
<arguments>
<arg>${video_title}</arg>
</arguments>
<status status="PASS" starttime="20210214 23:35:04.099" endtime="20210214 23:35:04.615"></status>
</kw>
<kw name="Get Text" library="Selenium2Library">
<doc>Returns the text value of the element identified by ``locator``.</doc>
<arguments>
<arg>${video_title}</arg>
</arguments>
<assign>
<var>${titulo}</var>
</assign>
<msg timestamp="20210214 23:35:04.663" level="INFO">${titulo} = RELATÓRIO DB - JANEIRO 2021</msg>
<status status="PASS" starttime="20210214 23:35:04.615" endtime="20210214 23:35:04.664"></status>
</kw>
<kw name="Append To List" library="Collections">
<doc>Adds ``values`` to the end of ``list``.</doc>
<arguments>
<arg>${title}</arg>
<arg>${titulo}</arg>
</arguments>
<status status="PASS" starttime="20210214 23:35:04.664" endtime="20210214 23:35:04.664"></status>
</kw>
<kw name="Get Text" library="Selenium2Library">
<doc>Returns the text value of the element identified by ``locator``.</doc>
<arguments>
<arg>${video_views}</arg>
</arguments>
<assign>
<var>${visualizacoes}</var>
</assign>
<msg timestamp="20210214 23:35:04.757" level="INFO">${visualizacoes} = 298 236 visualizações</msg>
<status status="PASS" starttime="20210214 23:35:04.664" endtime="20210214 23:35:04.757"></status>
</kw>
<kw name="convert views">
<arguments>
<arg>${visualizacoes}</arg>
</arguments>
<assign>
<var>${views_convertida}</var>
</assign>
<kw name="Split String" library="String">
<doc>Splits the ``string`` using ``separator`` as a delimiter string.</doc>
<arguments>
<arg>${views_to_split}</arg>
<arg>${SPACE}</arg>
</arguments>
<assign>
<var>@{words}</var>
</assign>
<msg timestamp="20210214 23:35:04.758" level="INFO">@{words} = [ 298 | 236 | visualizações ]</msg>
<status status="PASS" starttime="20210214 23:35:04.757" endtime="20210214 23:35:04.758"></status>
</kw>
<kw name="Get Length" library="BuiltIn">
<doc>Returns and logs the length of the given item as an integer.</doc>
<arguments>
<arg>${words}</arg>
</arguments>
<assign>
<var>${leng}</var>
</assign>
<msg timestamp="20210214 23:35:04.758" level="INFO">Length is 3</msg>
<msg timestamp="20210214 23:35:04.758" level="INFO">${leng} = 3</msg>
<status status="PASS" starttime="20210214 23:35:04.758" endtime="20210214 23:35:04.758"></status>
</kw>
<kw name="Run Keyword If" library="BuiltIn">
<doc>Runs the given keyword with the given arguments, if ``condition`` is true.</doc>
<arguments>
<arg>${leng}==4</arg>
<arg>Catenate</arg>
<arg>SEPARATOR=</arg>
<arg>${words[0]}</arg>
<arg>${words[1]}</arg>
<arg>${words[2]}</arg>
<arg>ELSE</arg>
<arg>Catenate</arg>
<arg>SEPARATOR=</arg>
<arg>${words[0]}</arg>
<arg>${words[1]}</arg>
</arguments>
<assign>
<var>${views_join}</var>
</assign>
<kw name="Catenate" library="BuiltIn">
<doc>Catenates the given items together and returns the resulted string.</doc>
<arguments>
<arg>SEPARATOR=</arg>
<arg>${words[0]}</arg>
<arg>${words[1]}</arg>
</arguments>
<status status="PASS" starttime="20210214 23:35:04.758" endtime="20210214 23:35:04.758"></status>
</kw>
<msg timestamp="20210214 23:35:04.758" level="INFO">${views_join} = 298236</msg>
<status status="PASS" starttime="20210214 23:35:04.758" endtime="20210214 23:35:04.758"></status>
</kw>
<msg timestamp="20210214 23:35:04.759" level="INFO">${views_convertida} = 298236</msg>
<status status="PASS" starttime="20210214 23:35:04.757" endtime="20210214 23:35:04.759"></status>
</kw>
<kw name="Append To List" library="Collections">
<doc>Adds ``values`` to the end of ``list``.</doc>
<arguments>
<arg>${views}</arg>
<arg>${views_convertida}</arg>
</arguments>
<status status="PASS" starttime="20210214 23:35:04.759" endtime="20210214 23:35:04.759"></status>
</kw>
<kw name="Get Text" library="Selenium2Library">
<doc>Returns the text value of the element identified by ``locator``.</doc>
<arguments>
<arg>${video_duration}</arg>
</arguments>
<assign>
<var>${duracao}</var>
</assign>
<msg timestamp="20210214 23:35:04.784" level="INFO">${duracao} = 45:37</msg>
<status status="PASS" starttime="20210214 23:35:04.759" endtime="20210214 23:35:04.784"></status>
</kw>
<kw name="Append To List" library="Collections">
<doc>Adds ``values`` to the end of ``list``.</doc>
<arguments>
<arg>${duraction}</arg>
<arg>${duracao}</arg>
</arguments>
<status status="PASS" starttime="20210214 23:35:04.785" endtime="20210214 23:35:04.785"></status>
</kw>
<kw name="Go Back" library="Selenium2Library">
<doc>Simulates the user clicking the back button on their browser.</doc>
<status status="PASS" starttime="20210214 23:35:04.785" endtime="20210214 23:35:04.944"></status>
</kw>
<status status="PASS" starttime="20210214 23:35:03.718" endtime="20210214 23:35:04.944"></status>
</kw>
<kw name="${i} = 5" type="foritem">
<kw name="Wait Until Element Is Visible" library="Selenium2Library">
<doc>Waits until the element ``locator`` is visible.</doc>
<arguments>
<arg>${trending_list}\[${i}]</arg>
</arguments>
<status status="PASS" starttime="20210214 23:35:04.944" endtime="20210214 23:35:04.964"></status>
</kw>
<kw name="Scroll Element Into View" library="Selenium2Library">
<doc>Scrolls the element identified by ``locator`` into view.</doc>
<arguments>
<arg>${trending_list}\[${i}]</arg>
</arguments>
<status status="PASS" starttime="20210214 23:35:04.964" endtime="20210214 23:35:05.347"></status>
</kw>
<kw name="Click Element" library="Selenium2Library">
<doc>Click the element identified by ``locator``.</doc>
<arguments>
<arg>${trending_list}\[${i}]</arg>
</arguments>
<msg timestamp="20210214 23:35:05.347" level="INFO">Clicking element '(//*[@id="grid-container"])[1]/ytd-video-renderer[5]'.</msg>
<status status="PASS" starttime="20210214 23:35:05.347" endtime="20210214 23:35:05.386"></status>
</kw>
<kw name="Wait Until Element Is Visible" library="Selenium2Library">
<doc>Waits until the element ``locator`` is visible.</doc>
<arguments>
<arg>${video_title}</arg>
</arguments>
<status status="PASS" starttime="20210214 23:35:05.386" endtime="20210214 23:35:05.897"></status>
</kw>
<kw name="Get Text" library="Selenium2Library">
<doc>Returns the text value of the element identified by ``locator``.</doc>
<arguments>
<arg>${video_title}</arg>
</arguments>
<assign>
<var>${titulo}</var>
</assign>
<msg timestamp="20210214 23:35:05.936" level="INFO">${titulo} = Fernando Daniel repete Prova Cega 5 anos depois | The Voice Kids</msg>
<status status="PASS" starttime="20210214 23:35:05.897" endtime="20210214 23:35:05.936"></status>
</kw>
<kw name="Append To List" library="Collections">
<doc>Adds ``values`` to the end of ``list``.</doc>
<arguments>
<arg>${title}</arg>
<arg>${titulo}</arg>
</arguments>
<status status="PASS" starttime="20210214 23:35:05.936" endtime="20210214 23:35:05.936"></status>
</kw>
<kw name="Get Text" library="Selenium2Library">
<doc>Returns the text value of the element identified by ``locator``.</doc>
<arguments>
<arg>${video_views}</arg>
</arguments>
<assign>
<var>${visualizacoes}</var>
</assign>
<msg timestamp="20210214 23:35:06.039" level="INFO">${visualizacoes} = 1 033 587 visualizações</msg>
<status status="PASS" starttime="20210214 23:35:05.936" endtime="20210214 23:35:06.039"></status>
</kw>
<kw name="convert views">
<arguments>
<arg>${visualizacoes}</arg>
</arguments>
<assign>
<var>${views_convertida}</var>
</assign>
<kw name="Split String" library="String">
<doc>Splits the ``string`` using ``separator`` as a delimiter string.</doc>
<arguments>
<arg>${views_to_split}</arg>
<arg>${SPACE}</arg>
</arguments>
<assign>
<var>@{words}</var>
</assign>
<msg timestamp="20210214 23:35:06.039" level="INFO">@{words} = [ 1 | 033 | 587 | visualizações ]</msg>
<status status="PASS" starttime="20210214 23:35:06.039" endtime="20210214 23:35:06.039"></status>
</kw>
<kw name="Get Length" library="BuiltIn">
<doc>Returns and logs the length of the given item as an integer.</doc>
<arguments>
<arg>${words}</arg>
</arguments>
<assign>
<var>${leng}</var>
</assign>
<msg timestamp="20210214 23:35:06.040" level="INFO">Length is 4</msg>
<msg timestamp="20210214 23:35:06.040" level="INFO">${leng} = 4</msg>
<status status="PASS" starttime="20210214 23:35:06.039" endtime="20210214 23:35:06.040"></status>
</kw>
<kw name="Run Keyword If" library="BuiltIn">
<doc>Runs the given keyword with the given arguments, if ``condition`` is true.</doc>
<arguments>
<arg>${leng}==4</arg>
<arg>Catenate</arg>
<arg>SEPARATOR=</arg>
<arg>${words[0]}</arg>
<arg>${words[1]}</arg>
<arg>${words[2]}</arg>
<arg>ELSE</arg>
<arg>Catenate</arg>
<arg>SEPARATOR=</arg>
<arg>${words[0]}</arg>
<arg>${words[1]}</arg>
</arguments>
<assign>
<var>${views_join}</var>
</assign>
<kw name="Catenate" library="BuiltIn">
<doc>Catenates the given items together and returns the resulted string.</doc>
<arguments>
<arg>SEPARATOR=</arg>
<arg>${words[0]}</arg>
<arg>${words[1]}</arg>
<arg>${words[2]}</arg>
</arguments>
<status status="PASS" starttime="20210214 23:35:06.040" endtime="20210214 23:35:06.040"></status>
</kw>
<msg timestamp="20210214 23:35:06.040" level="INFO">${views_join} = 1033587</msg>
<status status="PASS" starttime="20210214 23:35:06.040" endtime="20210214 23:35:06.040"></status>
</kw>
<msg timestamp="20210214 23:35:06.040" level="INFO">${views_convertida} = 1033587</msg>
<status status="PASS" starttime="20210214 23:35:06.039" endtime="20210214 23:35:06.040"></status>
</kw>
<kw name="Append To List" library="Collections">
<doc>Adds ``values`` to the end of ``list``.</doc>
<arguments>
<arg>${views}</arg>
<arg>${views_convertida}</arg>
</arguments>
<status status="PASS" starttime="20210214 23:35:06.041" endtime="20210214 23:35:06.041"></status>
</kw>
<kw name="Get Text" library="Selenium2Library">
<doc>Returns the text value of the element identified by ``locator``.</doc>
<arguments>
<arg>${video_duration}</arg>
</arguments>
<assign>
<var>${duracao}</var>
</assign>
<msg timestamp="20210214 23:35:06.085" level="INFO">${duracao} = 4:21</msg>
<status status="PASS" starttime="20210214 23:35:06.041" endtime="20210214 23:35:06.085"></status>
</kw>
<kw name="Append To List" library="Collections">
<doc>Adds ``values`` to the end of ``list``.</doc>
<arguments>
<arg>${duraction}</arg>
<arg>${duracao}</arg>
</arguments>
<status status="PASS" starttime="20210214 23:35:06.085" endtime="20210214 23:35:06.085"></status>
</kw>
<kw name="Go Back" library="Selenium2Library">
<doc>Simulates the user clicking the back button on their browser.</doc>
<status status="PASS" starttime="20210214 23:35:06.085" endtime="20210214 23:35:06.233"></status>
</kw>
<status status="PASS" starttime="20210214 23:35:04.944" endtime="20210214 23:35:06.233"></status>
</kw>
<kw name="${i} = 6" type="foritem">
<kw name="Wait Until Element Is Visible" library="Selenium2Library">
<doc>Waits until the element ``locator`` is visible.</doc>
<arguments>
<arg>${trending_list}\[${i}]</arg>
</arguments>
<status status="PASS" starttime="20210214 23:35:06.233" endtime="20210214 23:35:06.252"></status>
</kw>
<kw name="Scroll Element Into View" library="Selenium2Library">
<doc>Scrolls the element identified by ``locator`` into view.</doc>
<arguments>
<arg>${trending_list}\[${i}]</arg>
</arguments>
<status status="PASS" starttime="20210214 23:35:06.252" endtime="20210214 23:35:06.638"></status>
</kw>
<kw name="Click Element" library="Selenium2Library">
<doc>Click the element identified by ``locator``.</doc>
<arguments>
<arg>${trending_list}\[${i}]</arg>
</arguments>
<msg timestamp="20210214 23:35:06.639" level="INFO">Clicking element '(//*[@id="grid-container"])[1]/ytd-video-renderer[6]'.</msg>
<status status="PASS" starttime="20210214 23:35:06.639" endtime="20210214 23:35:06.682"></status>
</kw>
<kw name="Wait Until Element Is Visible" library="Selenium2Library">
<doc>Waits until the element ``locator`` is visible.</doc>
<arguments>
<arg>${video_title}</arg>
</arguments>
<status status="PASS" starttime="20210214 23:35:06.682" endtime="20210214 23:35:07.241"></status>
</kw>
<kw name="Get Text" library="Selenium2Library">
<doc>Returns the text value of the element identified by ``locator``.</doc>
<arguments>
<arg>${video_title}</arg>
</arguments>
<assign>
<var>${titulo}</var>
</assign>
<msg timestamp="20210214 23:35:07.317" level="INFO">${titulo} = Ariana Grande - 34+35 Remix (feat. Doja Cat and Megan Thee Stallion) (Official Video)</msg>
<status status="PASS" starttime="20210214 23:35:07.241" endtime="20210214 23:35:07.317"></status>
</kw>
<kw name="Append To List" library="Collections">
<doc>Adds ``values`` to the end of ``list``.</doc>
<arguments>
<arg>${title}</arg>
<arg>${titulo}</arg>
</arguments>
<status status="PASS" starttime="20210214 23:35:07.317" endtime="20210214 23:35:07.318"></status>
</kw>
<kw name="Get Text" library="Selenium2Library">
<doc>Returns the text value of the element identified by ``locator``.</doc>
<arguments>
<arg>${video_views}</arg>
</arguments>
<assign>
<var>${visualizacoes}</var>
</assign>
<msg timestamp="20210214 23:35:07.389" level="INFO">${visualizacoes} = 18 497 077 visualizações</msg>
<status status="PASS" starttime="20210214 23:35:07.318" endtime="20210214 23:35:07.389"></status>
</kw>
<kw name="convert views">
<arguments>
<arg>${visualizacoes}</arg>
</arguments>
<assign>
<var>${views_convertida}</var>
</assign>
<kw name="Split String" library="String">
<doc>Splits the ``string`` using ``separator`` as a delimiter string.</doc>
<arguments>
<arg>${views_to_split}</arg>
<arg>${SPACE}</arg>
</arguments>
<assign>
<var>@{words}</var>
</assign>
<msg timestamp="20210214 23:35:07.389" level="INFO">@{words} = [ 18 | 497 | 077 | visualizações ]</msg>
<status status="PASS" starttime="20210214 23:35:07.389" endtime="20210214 23:35:07.389"></status>
</kw>
<kw name="Get Length" library="BuiltIn">
<doc>Returns and logs the length of the given item as an integer.</doc>
<arguments>
<arg>${words}</arg>
</arguments>
<assign>
<var>${leng}</var>
</assign>
<msg timestamp="20210214 23:35:07.389" level="INFO">Length is 4</msg>
<msg timestamp="20210214 23:35:07.390" level="INFO">${leng} = 4</msg>
<status status="PASS" starttime="20210214 23:35:07.389" endtime="20210214 23:35:07.390"></status>
</kw>
<kw name="Run Keyword If" library="BuiltIn">
<doc>Runs the given keyword with the given arguments, if ``condition`` is true.</doc>
<arguments>
<arg>${leng}==4</arg>
<arg>Catenate</arg>
<arg>SEPARATOR=</arg>
<arg>${words[0]}</arg>
<arg>${words[1]}</arg>
<arg>${words[2]}</arg>
<arg>ELSE</arg>
<arg>Catenate</arg>
<arg>SEPARATOR=</arg>
<arg>${words[0]}</arg>
<arg>${words[1]}</arg>
</arguments>
<assign>
<var>${views_join}</var>
</assign>
<kw name="Catenate" library="BuiltIn">
<doc>Catenates the given items together and returns the resulted string.</doc>
<arguments>
<arg>SEPARATOR=</arg>
<arg>${words[0]}</arg>
<arg>${words[1]}</arg>
<arg>${words[2]}</arg>
</arguments>
<status status="PASS" starttime="20210214 23:35:07.390" endtime="20210214 23:35:07.390"></status>
</kw>
<msg timestamp="20210214 23:35:07.390" level="INFO">${views_join} = 18497077</msg>
<status status="PASS" starttime="20210214 23:35:07.390" endtime="20210214 23:35:07.390"></status>
</kw>
<msg timestamp="20210214 23:35:07.390" level="INFO">${views_convertida} = 18497077</msg>
<status status="PASS" starttime="20210214 23:35:07.389" endtime="20210214 23:35:07.390"></status>
</kw>
<kw name="Append To List" library="Collections">
<doc>Adds ``values`` to the end of ``list``.</doc>
<arguments>
<arg>${views}</arg>
<arg>${views_convertida}</arg>
</arguments>
<status status="PASS" starttime="20210214 23:35:07.390" endtime="20210214 23:35:07.391"></status>
</kw>
<kw name="Get Text" library="Selenium2Library">
<doc>Returns the text value of the element identified by ``locator``.</doc>
<arguments>
<arg>${video_duration}</arg>
</arguments>
<assign>
<var>${duracao}</var>
</assign>
<msg timestamp="20210214 23:35:07.435" level="INFO">${duracao} = 4:03</msg>
<status status="PASS" starttime="20210214 23:35:07.391" endtime="20210214 23:35:07.435"></status>
</kw>
<kw name="Append To List" library="Collections">
<doc>Adds ``values`` to the end of ``list``.</doc>
<arguments>
<arg>${duraction}</arg>
<arg>${duracao}</arg>
</arguments>
<status status="PASS" starttime="20210214 23:35:07.435" endtime="20210214 23:35:07.436"></status>
</kw>
<kw name="Go Back" library="Selenium2Library">
<doc>Simulates the user clicking the back button on their browser.</doc>
<status status="PASS" starttime="20210214 23:35:07.436" endtime="20210214 23:35:07.604"></status>
</kw>
<status status="PASS" starttime="20210214 23:35:06.233" endtime="20210214 23:35:07.604"></status>
</kw>
<kw name="${i} = 7" type="foritem">
<kw name="Wait Until Element Is Visible" library="Selenium2Library">
<doc>Waits until the element ``locator`` is visible.</doc>
<arguments>
<arg>${trending_list}\[${i}]</arg>
</arguments>
<status status="PASS" starttime="20210214 23:35:07.604" endtime="20210214 23:35:07.625"></status>
</kw>
<kw name="Scroll Element Into View" library="Selenium2Library">
<doc>Scrolls the element identified by ``locator`` into view.</doc>
<arguments>
<arg>${trending_list}\[${i}]</arg>
</arguments>
<status status="PASS" starttime="20210214 23:35:07.625" endtime="20210214 23:35:08.004"></status>
</kw>
<kw name="Click Element" library="Selenium2Library">
<doc>Click the element identified by ``locator``.</doc>
<arguments>
<arg>${trending_list}\[${i}]</arg>
</arguments>
<msg timestamp="20210214 23:35:08.005" level="INFO">Clicking element '(//*[@id="grid-container"])[1]/ytd-video-renderer[7]'.</msg>
<status status="PASS" starttime="20210214 23:35:08.004" endtime="20210214 23:35:08.054"></status>
</kw>
<kw name="Wait Until Element Is Visible" library="Selenium2Library">
<doc>Waits until the element ``locator`` is visible.</doc>
<arguments>
<arg>${video_title}</arg>
</arguments>
<status status="PASS" starttime="20210214 23:35:08.054" endtime="20210214 23:35:08.802"></status>
</kw>
<kw name="Get Text" library="Selenium2Library">
<doc>Returns the text value of the element identified by ``locator``.</doc>
<arguments>
<arg>${video_title}</arg>
</arguments>
<assign>
<var>${titulo}</var>
</assign>
<msg timestamp="20210214 23:35:08.813" level="INFO">${titulo} = Wet Bed Gang - Perseus (Vídeo Oficial) Prod. Charlie Beats</msg>
<status status="PASS" starttime="20210214 23:35:08.803" endtime="20210214 23:35:08.813"></status>
</kw>
<kw name="Append To List" library="Collections">
<doc>Adds ``values`` to the end of ``list``.</doc>
<arguments>
<arg>${title}</arg>
<arg>${titulo}</arg>
</arguments>
<status status="PASS" starttime="20210214 23:35:08.814" endtime="20210214 23:35:08.814"></status>
</kw>
<kw name="Get Text" library="Selenium2Library">
<doc>Returns the text value of the element identified by ``locator``.</doc>
<arguments>
<arg>${video_views}</arg>
</arguments>
<assign>
<var>${visualizacoes}</var>
</assign>
<msg timestamp="20210214 23:35:08.861" level="INFO">${visualizacoes} = 1 582 780 visualizações</msg>
<status status="PASS" starttime="20210214 23:35:08.814" endtime="20210214 23:35:08.861"></status>
</kw>
<kw name="convert views">
<arguments>
<arg>${visualizacoes}</arg>
</arguments>
<assign>
<var>${views_convertida}</var>
</assign>
<kw name="Split String" library="String">
<doc>Splits the ``string`` using ``separator`` as a delimiter string.</doc>
<arguments>
<arg>${views_to_split}</arg>
<arg>${SPACE}</arg>
</arguments>
<assign>
<var>@{words}</var>
</assign>
<msg timestamp="20210214 23:35:08.862" level="INFO">@{words} = [ 1 | 582 | 780 | visualizações ]</msg>
<status status="PASS" starttime="20210214 23:35:08.862" endtime="20210214 23:35:08.862"></status>
</kw>
<kw name="Get Length" library="BuiltIn">
<doc>Returns and logs the length of the given item as an integer.</doc>
<arguments>
<arg>${words}</arg>
</arguments>
<assign>
<var>${leng}</var>
</assign>
<msg timestamp="20210214 23:35:08.862" level="INFO">Length is 4</msg>
<msg timestamp="20210214 23:35:08.862" level="INFO">${leng} = 4</msg>
<status status="PASS" starttime="20210214 23:35:08.862" endtime="20210214 23:35:08.862"></status>
</kw>
<kw name="Run Keyword If" library="BuiltIn">
<doc>Runs the given keyword with the given arguments, if ``condition`` is true.</doc>
<arguments>
<arg>${leng}==4</arg>
<arg>Catenate</arg>
<arg>SEPARATOR=</arg>
<arg>${words[0]}</arg>
<arg>${words[1]}</arg>
<arg>${words[2]}</arg>
<arg>ELSE</arg>
<arg>Catenate</arg>
<arg>SEPARATOR=</arg>
<arg>${words[0]}</arg>
<arg>${words[1]}</arg>
</arguments>
<assign>
<var>${views_join}</var>
</assign>
<kw name="Catenate" library="BuiltIn">
<doc>Catenates the given items together and returns the resulted string.</doc>
<arguments>
<arg>SEPARATOR=</arg>
<arg>${words[0]}</arg>
<arg>${words[1]}</arg>
<arg>${words[2]}</arg>
</arguments>
<status status="PASS" starttime="20210214 23:35:08.862" endtime="20210214 23:35:08.863"></status>
</kw>
<msg timestamp="20210214 23:35:08.863" level="INFO">${views_join} = 1582780</msg>
<status status="PASS" starttime="20210214 23:35:08.862" endtime="20210214 23:35:08.863"></status>
</kw>
<msg timestamp="20210214 23:35:08.863" level="INFO">${views_convertida} = 1582780</msg>
<status status="PASS" starttime="20210214 23:35:08.861" endtime="20210214 23:35:08.863"></status>
</kw>
<kw name="Append To List" library="Collections">
<doc>Adds ``values`` to the end of ``list``.</doc>
<arguments>
<arg>${views}</arg>
<arg>${views_convertida}</arg>
</arguments>
<status status="PASS" starttime="20210214 23:35:08.863" endtime="20210214 23:35:08.863"></status>
</kw>
<kw name="Get Text" library="Selenium2Library">
<doc>Returns the text value of the element identified by ``locator``.</doc>
<arguments>
<arg>${video_duration}</arg>
</arguments>
<assign>
<var>${duracao}</var>
</assign>
<msg timestamp="20210214 23:35:08.880" level="INFO">${duracao} = 0:15</msg>
<status status="PASS" starttime="20210214 23:35:08.863" endtime="20210214 23:35:08.880"></status>
</kw>
<kw name="Append To List" library="Collections">
<doc>Adds ``values`` to the end of ``list``.</doc>
<arguments>
<arg>${duraction}</arg>
<arg>${duracao}</arg>
</arguments>
<status status="PASS" starttime="20210214 23:35:08.880" endtime="20210214 23:35:08.880"></status>
</kw>
<kw name="Go Back" library="Selenium2Library">
<doc>Simulates the user clicking the back button on their browser.</doc>
<status status="PASS" starttime="20210214 23:35:08.880" endtime="20210214 23:35:09.014"></status>
</kw>
<status status="PASS" starttime="20210214 23:35:07.604" endtime="20210214 23:35:09.014"></status>
</kw>
<kw name="${i} = 8" type="foritem">
<kw name="Wait Until Element Is Visible" library="Selenium2Library">
<doc>Waits until the element ``locator`` is visible.</doc>
<arguments>
<arg>${trending_list}\[${i}]</arg>
</arguments>
<status status="PASS" starttime="20210214 23:35:09.014" endtime="20210214 23:35:09.034"></status>
</kw>
<kw name="Scroll Element Into View" library="Selenium2Library">
<doc>Scrolls the element identified by ``locator`` into view.</doc>
<arguments>
<arg>${trending_list}\[${i}]</arg>
</arguments>
<status status="PASS" starttime="20210214 23:35:09.034" endtime="20210214 23:35:09.389"></status>
</kw>
<kw name="Click Element" library="Selenium2Library">
<doc>Click the element identified by ``locator``.</doc>
<arguments>
<arg>${trending_list}\[${i}]</arg>
</arguments>
<msg timestamp="20210214 23:35:09.390" level="INFO">Clicking element '(//*[@id="grid-container"])[1]/ytd-video-renderer[8]'.</msg>
<status status="PASS" starttime="20210214 23:35:09.389" endtime="20210214 23:35:09.431"></status>
</kw>
<kw name="Wait Until Element Is Visible" library="Selenium2Library">
<doc>Waits until the element ``locator`` is visible.</doc>
<arguments>
<arg>${video_title}</arg>
</arguments>
<status status="PASS" starttime="20210214 23:35:09.431" endtime="20210214 23:35:09.913"></status>
</kw>
<kw name="Get Text" library="Selenium2Library">
<doc>Returns the text value of the element identified by ``locator``.</doc>
<arguments>
<arg>${video_title}</arg>
</arguments>
<assign>
<var>${titulo}</var>
</assign>
<msg timestamp="20210214 23:35:09.930" level="INFO">${titulo} = C4 Pedro feat. Ary - Nossas Coisas</msg>
<status status="PASS" starttime="20210214 23:35:09.913" endtime="20210214 23:35:09.930"></status>
</kw>
<kw name="Append To List" library="Collections">
<doc>Adds ``values`` to the end of ``list``.</doc>
<arguments>
<arg>${title}</arg>
<arg>${titulo}</arg>
</arguments>
<status status="PASS" starttime="20210214 23:35:09.931" endtime="20210214 23:35:09.931"></status>
</kw>
<kw name="Get Text" library="Selenium2Library">
<doc>Returns the text value of the element identified by ``locator``.</doc>
<arguments>
<arg>${video_views}</arg>
</arguments>
<assign>
<var>${visualizacoes}</var>
</assign>
<msg timestamp="20210214 23:35:09.945" level="INFO">${visualizacoes} = 120 653 visualizações</msg>
<status status="PASS" starttime="20210214 23:35:09.931" endtime="20210214 23:35:09.945"></status>
</kw>
<kw name="convert views">
<arguments>
<arg>${visualizacoes}</arg>
</arguments>
<assign>
<var>${views_convertida}</var>
</assign>
<kw name="Split String" library="String">
<doc>Splits the ``string`` using ``separator`` as a delimiter string.</doc>
<arguments>
<arg>${views_to_split}</arg>
<arg>${SPACE}</arg>
</arguments>
<assign>
<var>@{words}</var>
</assign>
<msg timestamp="20210214 23:35:09.946" level="INFO">@{words} = [ 120 | 653 | visualizações ]</msg>
<status status="PASS" starttime="20210214 23:35:09.945" endtime="20210214 23:35:09.946"></status>
</kw>
<kw name="Get Length" library="BuiltIn">
<doc>Returns and logs the length of the given item as an integer.</doc>
<arguments>
<arg>${words}</arg>
</arguments>
<assign>
<var>${leng}</var>
</assign>
<msg timestamp="20210214 23:35:09.946" level="INFO">Length is 3</msg>
<msg timestamp="20210214 23:35:09.946" level="INFO">${leng} = 3</msg>
<status status="PASS" starttime="20210214 23:35:09.946" endtime="20210214 23:35:09.946"></status>
</kw>
<kw name="Run Keyword If" library="BuiltIn">
<doc>Runs the given keyword with the given arguments, if ``condition`` is true.</doc>
<arguments>
<arg>${leng}==4</arg>
<arg>Catenate</arg>
<arg>SEPARATOR=</arg>
<arg>${words[0]}</arg>
<arg>${words[1]}</arg>
<arg>${words[2]}</arg>
<arg>ELSE</arg>
<arg>Catenate</arg>
<arg>SEPARATOR=</arg>
<arg>${words[0]}</arg>
<arg>${words[1]}</arg>
</arguments>
<assign>
<var>${views_join}</var>
</assign>
<kw name="Catenate" library="BuiltIn">
<doc>Catenates the given items together and returns the resulted string.</doc>
<arguments>
<arg>SEPARATOR=</arg>
<arg>${words[0]}</arg>
<arg>${words[1]}</arg>
</arguments>
<status status="PASS" starttime="20210214 23:35:09.946" endtime="20210214 23:35:09.946"></status>
</kw>
<msg timestamp="20210214 23:35:09.946" level="INFO">${views_join} = 120653</msg>
<status status="PASS" starttime="20210214 23:35:09.946" endtime="20210214 23:35:09.947"></status>
</kw>
<msg timestamp="20210214 23:35:09.947" level="INFO">${views_convertida} = 120653</msg>
<status status="PASS" starttime="20210214 23:35:09.945" endtime="20210214 23:35:09.947"></status>
</kw>
<kw name="Append To List" library="Collections">
<doc>Adds ``values`` to the end of ``list``.</doc>
<arguments>
<arg>${views}</arg>
<arg>${views_convertida}</arg>
</arguments>
<status status="PASS" starttime="20210214 23:35:09.947" endtime="20210214 23:35:09.947"></status>
</kw>
<kw name="Get Text" library="Selenium2Library">
<doc>Returns the text value of the element identified by ``locator``.</doc>
<arguments>
<arg>${video_duration}</arg>
</arguments>
<assign>
<var>${duracao}</var>
</assign>
<msg timestamp="20210214 23:35:09.965" level="INFO">${duracao} = 0:15</msg>
<status status="PASS" starttime="20210214 23:35:09.947" endtime="20210214 23:35:09.965"></status>
</kw>
<kw name="Append To List" library="Collections">
<doc>Adds ``values`` to the end of ``list``.</doc>
<arguments>
<arg>${duraction}</arg>
<arg>${duracao}</arg>
</arguments>
<status status="PASS" starttime="20210214 23:35:09.965" endtime="20210214 23:35:09.965"></status>
</kw>
<kw name="Go Back" library="Selenium2Library">
<doc>Simulates the user clicking the back button on their browser.</doc>
<status status="PASS" starttime="20210214 23:35:09.965" endtime="20210214 23:35:10.096"></status>
</kw>
<status status="PASS" starttime="20210214 23:35:09.014" endtime="20210214 23:35:10.096"></status>
</kw>
<kw name="${i} = 9" type="foritem">
<kw name="Wait Until Element Is Visible" library="Selenium2Library">
<doc>Waits until the element ``locator`` is visible.</doc>
<arguments>
<arg>${trending_list}\[${i}]</arg>
</arguments>
<status status="PASS" starttime="20210214 23:35:10.096" endtime="20210214 23:35:10.117"></status>
</kw>
<kw name="Scroll Element Into View" library="Selenium2Library">
<doc>Scrolls the element identified by ``locator`` into view.</doc>
<arguments>
<arg>${trending_list}\[${i}]</arg>
</arguments>
<status status="PASS" starttime="20210214 23:35:10.117" endtime="20210214 23:35:10.404"></status>
</kw>
<kw name="Click Element" library="Selenium2Library">
<doc>Click the element identified by ``locator``.</doc>
<arguments>
<arg>${trending_list}\[${i}]</arg>
</arguments>
<msg timestamp="20210214 23:35:10.404" level="INFO">Clicking element '(//*[@id="grid-container"])[1]/ytd-video-renderer[9]'.</msg>
<status status="PASS" starttime="20210214 23:35:10.404" endtime="20210214 23:35:10.445"></status>
</kw>
<kw name="Wait Until Element Is Visible" library="Selenium2Library">
<doc>Waits until the element ``locator`` is visible.</doc>
<arguments>
<arg>${video_title}</arg>
</arguments>
<status status="PASS" starttime="20210214 23:35:10.445" endtime="20210214 23:35:11.035"></status>
</kw>
<kw name="Get Text" library="Selenium2Library">
<doc>Returns the text value of the element identified by ``locator``.</doc>
<arguments>
<arg>${video_title}</arg>
</arguments>
<assign>
<var>${titulo}</var>
</assign>
<msg timestamp="20210214 23:35:11.124" level="INFO">${titulo} = Lil Tjay - Calling My Phone (feat. 6LACK) [Official Video]</msg>
<status status="PASS" starttime="20210214 23:35:11.036" endtime="20210214 23:35:11.124"></status>
</kw>
<kw name="Append To List" library="Collections">
<doc>Adds ``values`` to the end of ``list``.</doc>
<arguments>
<arg>${title}</arg>
<arg>${titulo}</arg>
</arguments>
<status status="PASS" starttime="20210214 23:35:11.124" endtime="20210214 23:35:11.124"></status>
</kw>
<kw name="Get Text" library="Selenium2Library">
<doc>Returns the text value of the element identified by ``locator``.</doc>
<arguments>
<arg>${video_views}</arg>
</arguments>
<assign>
<var>${visualizacoes}</var>
</assign>
<msg timestamp="20210214 23:35:11.183" level="INFO">${visualizacoes} = 6 617 601 visualizações</msg>
<status status="PASS" starttime="20210214 23:35:11.124" endtime="20210214 23:35:11.183"></status>
</kw>
<kw name="convert views">
<arguments>
<arg>${visualizacoes}</arg>
</arguments>
<assign>
<var>${views_convertida}</var>
</assign>
<kw name="Split String" library="String">
<doc>Splits the ``string`` using ``separator`` as a delimiter string.</doc>
<arguments>
<arg>${views_to_split}</arg>
<arg>${SPACE}</arg>
</arguments>
<assign>
<var>@{words}</var>
</assign>
<msg timestamp="20210214 23:35:11.183" level="INFO">@{words} = [ 6 | 617 | 601 | visualizações ]</msg>
<status status="PASS" starttime="20210214 23:35:11.183" endtime="20210214 23:35:11.183"></status>
</kw>
<kw name="Get Length" library="BuiltIn">
<doc>Returns and logs the length of the given item as an integer.</doc>
<arguments>
<arg>${words}</arg>
</arguments>
<assign>
<var>${leng}</var>
</assign>
<msg timestamp="20210214 23:35:11.183" level="INFO">Length is 4</msg>
<msg timestamp="20210214 23:35:11.183" level="INFO">${leng} = 4</msg>
<status status="PASS" starttime="20210214 23:35:11.183" endtime="20210214 23:35:11.183"></status>
</kw>
<kw name="Run Keyword If" library="BuiltIn">
<doc>Runs the given keyword with the given arguments, if ``condition`` is true.</doc>
<arguments>
<arg>${leng}==4</arg>
<arg>Catenate</arg>
<arg>SEPARATOR=</arg>
<arg>${words[0]}</arg>
<arg>${words[1]}</arg>
<arg>${words[2]}</arg>
<arg>ELSE</arg>
<arg>Catenate</arg>
<arg>SEPARATOR=</arg>
<arg>${words[0]}</arg>
<arg>${words[1]}</arg>
</arguments>
<assign>
<var>${views_join}</var>
</assign>
<kw name="Catenate" library="BuiltIn">
<doc>Catenates the given items together and returns the resulted string.</doc>
<arguments>
<arg>SEPARATOR=</arg>
<arg>${words[0]}</arg>
<arg>${words[1]}</arg>
<arg>${words[2]}</arg>
</arguments>
<status status="PASS" starttime="20210214 23:35:11.184" endtime="20210214 23:35:11.184"></status>
</kw>
<msg timestamp="20210214 23:35:11.184" level="INFO">${views_join} = 6617601</msg>
<status status="PASS" starttime="20210214 23:35:11.184" endtime="20210214 23:35:11.184"></status>
</kw>
<msg timestamp="20210214 23:35:11.184" level="INFO">${views_convertida} = 6617601</msg>
<status status="PASS" starttime="20210214 23:35:11.183" endtime="20210214 23:35:11.184"></status>
</kw>
<kw name="Append To List" library="Collections">
<doc>Adds ``values`` to the end of ``list``.</doc>
<arguments>
<arg>${views}</arg>
<arg>${views_convertida}</arg>
</arguments>
<status status="PASS" starttime="20210214 23:35:11.184" endtime="20210214 23:35:11.185"></status>
</kw>
<kw name="Get Text" library="Selenium2Library">
<doc>Returns the text value of the element identified by ``locator``.</doc>
<arguments>
<arg>${video_duration}</arg>
</arguments>
<assign>
<var>${duracao}</var>
</assign>
<msg timestamp="20210214 23:35:11.219" level="INFO">${duracao} = 3:21</msg>
<status status="PASS" starttime="20210214 23:35:11.185" endtime="20210214 23:35:11.219"></status>
</kw>
<kw name="Append To List" library="Collections">
<doc>Adds ``values`` to the end of ``list``.</doc>
<arguments>
<arg>${duraction}</arg>
<arg>${duracao}</arg>
</arguments>
<status status="PASS" starttime="20210214 23:35:11.219" endtime="20210214 23:35:11.219"></status>
</kw>
<kw name="Go Back" library="Selenium2Library">
<doc>Simulates the user clicking the back button on their browser.</doc>
<status status="PASS" starttime="20210214 23:35:11.219" endtime="20210214 23:35:11.398"></status>
</kw>
<status status="PASS" starttime="20210214 23:35:10.096" endtime="20210214 23:35:11.398"></status>
</kw>
<kw name="${i} = 10" type="foritem">
<kw name="Wait Until Element Is Visible" library="Selenium2Library">
<doc>Waits until the element ``locator`` is visible.</doc>
<arguments>
<arg>${trending_list}\[${i}]</arg>
</arguments>
<status status="PASS" starttime="20210214 23:35:11.399" endtime="20210214 23:35:11.419"></status>
</kw>
<kw name="Scroll Element Into View" library="Selenium2Library">
<doc>Scrolls the element identified by ``locator`` into view.</doc>
<arguments>
<arg>${trending_list}\[${i}]</arg>
</arguments>
<status status="PASS" starttime="20210214 23:35:11.419" endtime="20210214 23:35:11.794"></status>
</kw>
<kw name="Click Element" library="Selenium2Library">
<doc>Click the element identified by ``locator``.</doc>
<arguments>
<arg>${trending_list}\[${i}]</arg>
</arguments>
<msg timestamp="20210214 23:35:11.794" level="INFO">Clicking element '(//*[@id="grid-container"])[1]/ytd-video-renderer[10]'.</msg>
<status status="PASS" starttime="20210214 23:35:11.794" endtime="20210214 23:35:11.844"></status>
</kw>
<kw name="Wait Until Element Is Visible" library="Selenium2Library">
<doc>Waits until the element ``locator`` is visible.</doc>
<arguments>
<arg>${video_title}</arg>
</arguments>
<status status="PASS" starttime="20210214 23:35:11.844" endtime="20210214 23:35:12.409"></status>
</kw>
<kw name="Get Text" library="Selenium2Library">
<doc>Returns the text value of the element identified by ``locator``.</doc>
<arguments>
<arg>${video_title}</arg>
</arguments>
<assign>
<var>${titulo}</var>
</assign>
<msg timestamp="20210214 23:35:12.474" level="INFO">${titulo} = BISPO X D'AY - Pedro</msg>
<status status="PASS" starttime="20210214 23:35:12.409" endtime="20210214 23:35:12.474"></status>
</kw>
<kw name="Append To List" library="Collections">
<doc>Adds ``values`` to the end of ``list``.</doc>
<arguments>
<arg>${title}</arg>
<arg>${titulo}</arg>
</arguments>
<status status="PASS" starttime="20210214 23:35:12.474" endtime="20210214 23:35:12.474"></status>
</kw>
<kw name="Get Text" library="Selenium2Library">
<doc>Returns the text value of the element identified by ``locator``.</doc>
<arguments>
<arg>${video_views}</arg>
</arguments>
<assign>
<var>${visualizacoes}</var>
</assign>
<msg timestamp="20210214 23:35:12.549" level="INFO">${visualizacoes} = 128 384 visualizações</msg>
<status status="PASS" starttime="20210214 23:35:12.474" endtime="20210214 23:35:12.549"></status>
</kw>
<kw name="convert views">
<arguments>
<arg>${visualizacoes}</arg>
</arguments>
<assign>
<var>${views_convertida}</var>
</assign>
<kw name="Split String" library="String">
<doc>Splits the ``string`` using ``separator`` as a delimiter string.</doc>
<arguments>
<arg>${views_to_split}</arg>
<arg>${SPACE}</arg>
</arguments>
<assign>
<var>@{words}</var>
</assign>
<msg timestamp="20210214 23:35:12.550" level="INFO">@{words} = [ 128 | 384 | visualizações ]</msg>
<status status="PASS" starttime="20210214 23:35:12.550" endtime="20210214 23:35:12.550"></status>
</kw>
<kw name="Get Length" library="BuiltIn">
<doc>Returns and logs the length of the given item as an integer.</doc>
<arguments>
<arg>${words}</arg>
</arguments>
<assign>
<var>${leng}</var>
</assign>
<msg timestamp="20210214 23:35:12.550" level="INFO">Length is 3</msg>
<msg timestamp="20210214 23:35:12.550" level="INFO">${leng} = 3</msg>
<status status="PASS" starttime="20210214 23:35:12.550" endtime="20210214 23:35:12.550"></status>
</kw>
<kw name="Run Keyword If" library="BuiltIn">
<doc>Runs the given keyword with the given arguments, if ``condition`` is true.</doc>
<arguments>
<arg>${leng}==4</arg>
<arg>Catenate</arg>
<arg>SEPARATOR=</arg>
<arg>${words[0]}</arg>
<arg>${words[1]}</arg>
<arg>${words[2]}</arg>
<arg>ELSE</arg>
<arg>Catenate</arg>
<arg>SEPARATOR=</arg>
<arg>${words[0]}</arg>
<arg>${words[1]}</arg>
</arguments>
<assign>
<var>${views_join}</var>
</assign>
<kw name="Catenate" library="BuiltIn">
<doc>Catenates the given items together and returns the resulted string.</doc>
<arguments>
<arg>SEPARATOR=</arg>
<arg>${words[0]}</arg>
<arg>${words[1]}</arg>
</arguments>
<status status="PASS" starttime="20210214 23:35:12.551" endtime="20210214 23:35:12.551"></status>
</kw>
<msg timestamp="20210214 23:35:12.551" level="INFO">${views_join} = 128384</msg>
<status status="PASS" starttime="20210214 23:35:12.550" endtime="20210214 23:35:12.551"></status>
</kw>
<msg timestamp="20210214 23:35:12.551" level="INFO">${views_convertida} = 128384</msg>
<status status="PASS" starttime="20210214 23:35:12.550" endtime="20210214 23:35:12.551"></status>
</kw>
<kw name="Append To List" library="Collections">
<doc>Adds ``values`` to the end of ``list``.</doc>
<arguments>
<arg>${views}</arg>
<arg>${views_convertida}</arg>
</arguments>
<status status="PASS" starttime="20210214 23:35:12.551" endtime="20210214 23:35:12.551"></status>
</kw>
<kw name="Get Text" library="Selenium2Library">
<doc>Returns the text value of the element identified by ``locator``.</doc>
<arguments>
<arg>${video_duration}</arg>
</arguments>
<assign>
<var>${duracao}</var>
</assign>
<msg timestamp="20210214 23:35:12.598" level="INFO">${duracao} = 2:43</msg>
<status status="PASS" starttime="20210214 23:35:12.551" endtime="20210214 23:35:12.599"></status>
</kw>
<kw name="Append To List" library="Collections">
<doc>Adds ``values`` to the end of ``list``.</doc>
<arguments>
<arg>${duraction}</arg>
<arg>${duracao}</arg>
</arguments>
<status status="PASS" starttime="20210214 23:35:12.599" endtime="20210214 23:35:12.599"></status>
</kw>
<kw name="Go Back" library="Selenium2Library">
<doc>Simulates the user clicking the back button on their browser.</doc>
<status status="PASS" starttime="20210214 23:35:12.599" endtime="20210214 23:35:12.758"></status>
</kw>
<status status="PASS" starttime="20210214 23:35:11.399" endtime="20210214 23:35:12.758"></status>
</kw>
<kw name="${i} = 11" type="foritem">
<kw name="Wait Until Element Is Visible" library="Selenium2Library">
<doc>Waits until the element ``locator`` is visible.</doc>
<arguments>
<arg>${trending_list}\[${i}]</arg>
</arguments>
<status status="PASS" starttime="20210214 23:35:12.758" endtime="20210214 23:35:12.777"></status>
</kw>
<kw name="Scroll Element Into View" library="Selenium2Library">
<doc>Scrolls the element identified by ``locator`` into view.</doc>
<arguments>
<arg>${trending_list}\[${i}]</arg>
</arguments>
<status status="PASS" starttime="20210214 23:35:12.777" endtime="20210214 23:35:13.162"></status>
</kw>
<kw name="Click Element" library="Selenium2Library">
<doc>Click the element identified by ``locator``.</doc>
<arguments>
<arg>${trending_list}\[${i}]</arg>
</arguments>
<msg timestamp="20210214 23:35:13.162" level="INFO">Clicking element '(//*[@id="grid-container"])[1]/ytd-video-renderer[11]'.</msg>
<status status="PASS" starttime="20210214 23:35:13.162" endtime="20210214 23:35:13.199"></status>
</kw>
<kw name="Wait Until Element Is Visible" library="Selenium2Library">
<doc>Waits until the element ``locator`` is visible.</doc>
<arguments>
<arg>${video_title}</arg>
</arguments>
<status status="PASS" starttime="20210214 23:35:13.199" endtime="20210214 23:35:13.681"></status>
</kw>
<kw name="Get Text" library="Selenium2Library">
<doc>Returns the text value of the element identified by ``locator``.</doc>
<arguments>
<arg>${video_title}</arg>
</arguments>
<assign>
<var>${titulo}</var>
</assign>
<msg timestamp="20210214 23:35:13.703" level="INFO">${titulo} = Luísa Sonza, Thiaguinho - Cansar Você</msg>
<status status="PASS" starttime="20210214 23:35:13.681" endtime="20210214 23:35:13.703"></status>
</kw>
<kw name="Append To List" library="Collections">
<doc>Adds ``values`` to the end of ``list``.</doc>
<arguments>
<arg>${title}</arg>
<arg>${titulo}</arg>
</arguments>
<status status="PASS" starttime="20210214 23:35:13.703" endtime="20210214 23:35:13.703"></status>
</kw>
<kw name="Get Text" library="Selenium2Library">
<doc>Returns the text value of the element identified by ``locator``.</doc>
<arguments>
<arg>${video_views}</arg>
</arguments>
<assign>
<var>${visualizacoes}</var>
</assign>
<msg timestamp="20210214 23:35:13.750" level="INFO">${visualizacoes} = 2 279 337 visualizações</msg>
<status status="PASS" starttime="20210214 23:35:13.703" endtime="20210214 23:35:13.750"></status>
</kw>
<kw name="convert views">
<arguments>
<arg>${visualizacoes}</arg>
</arguments>
<assign>
<var>${views_convertida}</var>
</assign>
<kw name="Split String" library="String">
<doc>Splits the ``string`` using ``separator`` as a delimiter string.</doc>
<arguments>
<arg>${views_to_split}</arg>
<arg>${SPACE}</arg>
</arguments>
<assign>
<var>@{words}</var>
</assign>
<msg timestamp="20210214 23:35:13.750" level="INFO">@{words} = [ 2 | 279 | 337 | visualizações ]</msg>
<status status="PASS" starttime="20210214 23:35:13.750" endtime="20210214 23:35:13.750"></status>
</kw>
<kw name="Get Length" library="BuiltIn">
<doc>Returns and logs the length of the given item as an integer.</doc>
<arguments>
<arg>${words}</arg>
</arguments>
<assign>
<var>${leng}</var>
</assign>
<msg timestamp="20210214 23:35:13.751" level="INFO">Length is 4</msg>
<msg timestamp="20210214 23:35:13.751" level="INFO">${leng} = 4</msg>
<status status="PASS" starttime="20210214 23:35:13.751" endtime="20210214 23:35:13.751"></status>
</kw>
<kw name="Run Keyword If" library="BuiltIn">
<doc>Runs the given keyword with the given arguments, if ``condition`` is true.</doc>
<arguments>
<arg>${leng}==4</arg>
<arg>Catenate</arg>
<arg>SEPARATOR=</arg>
<arg>${words[0]}</arg>
<arg>${words[1]}</arg>
<arg>${words[2]}</arg>
<arg>ELSE</arg>
<arg>Catenate</arg>
<arg>SEPARATOR=</arg>
<arg>${words[0]}</arg>
<arg>${words[1]}</arg>
</arguments>
<assign>
<var>${views_join}</var>
</assign>
<kw name="Catenate" library="BuiltIn">
<doc>Catenates the given items together and returns the resulted string.</doc>
<arguments>
<arg>SEPARATOR=</arg>
<arg>${words[0]}</arg>
<arg>${words[1]}</arg>
<arg>${words[2]}</arg>
</arguments>
<status status="PASS" starttime="20210214 23:35:13.751" endtime="20210214 23:35:13.751"></status>
</kw>
<msg timestamp="20210214 23:35:13.751" level="INFO">${views_join} = 2279337</msg>
<status status="PASS" starttime="20210214 23:35:13.751" endtime="20210214 23:35:13.751"></status>
</kw>
<msg timestamp="20210214 23:35:13.752" level="INFO">${views_convertida} = 2279337</msg>
<status status="PASS" starttime="20210214 23:35:13.750" endtime="20210214 23:35:13.752"></status>
</kw>
<kw name="Append To List" library="Collections">
<doc>Adds ``values`` to the end of ``list``.</doc>
<arguments>
<arg>${views}</arg>
<arg>${views_convertida}</arg>
</arguments>
<status status="PASS" starttime="20210214 23:35:13.752" endtime="20210214 23:35:13.752"></status>
</kw>
<kw name="Get Text" library="Selenium2Library">
<doc>Returns the text value of the element identified by ``locator``.</doc>
<arguments>
<arg>${video_duration}</arg>
</arguments>
<assign>
<var>${duracao}</var>
</assign>
<msg timestamp="20210214 23:35:13.835" level="INFO">${duracao} = 2:55</msg>
<status status="PASS" starttime="20210214 23:35:13.752" endtime="20210214 23:35:13.835"></status>
</kw>
<kw name="Append To List" library="Collections">
<doc>Adds ``values`` to the end of ``list``.</doc>
<arguments>
<arg>${duraction}</arg>
<arg>${duracao}</arg>
</arguments>
<status status="PASS" starttime="20210214 23:35:13.835" endtime="20210214 23:35:13.835"></status>
</kw>
<kw name="Go Back" library="Selenium2Library">
<doc>Simulates the user clicking the back button on their browser.</doc>
<status status="PASS" starttime="20210214 23:35:13.835" endtime="20210214 23:35:14.016"></status>
</kw>
<status status="PASS" starttime="20210214 23:35:12.758" endtime="20210214 23:35:14.016"></status>
</kw>
<kw name="${i} = 12" type="foritem">
<kw name="Wait Until Element Is Visible" library="Selenium2Library">
<doc>Waits until the element ``locator`` is visible.</doc>
<arguments>
<arg>${trending_list}\[${i}]</arg>
</arguments>
<status status="PASS" starttime="20210214 23:35:14.016" endtime="20210214 23:35:14.036"></status>
</kw>
<kw name="Scroll Element Into View" library="Selenium2Library">
<doc>Scrolls the element identified by ``locator`` into view.</doc>
<arguments>
<arg>${trending_list}\[${i}]</arg>
</arguments>
<status status="PASS" starttime="20210214 23:35:14.036" endtime="20210214 23:35:14.406"></status>
</kw>
<kw name="Click Element" library="Selenium2Library">
<doc>Click the element identified by ``locator``.</doc>
<arguments>
<arg>${trending_list}\[${i}]</arg>
</arguments>
<msg timestamp="20210214 23:35:14.406" level="INFO">Clicking element '(//*[@id="grid-container"])[1]/ytd-video-renderer[12]'.</msg>
<status status="PASS" starttime="20210214 23:35:14.406" endtime="20210214 23:35:14.455"></status>
</kw>
<kw name="Wait Until Element Is Visible" library="Selenium2Library">
<doc>Waits until the element ``locator`` is visible.</doc>
<arguments>
<arg>${video_title}</arg>
</arguments>
<status status="PASS" starttime="20210214 23:35:14.455" endtime="20210214 23:35:14.922"></status>
</kw>
<kw name="Get Text" library="Selenium2Library">
<doc>Returns the text value of the element identified by ``locator``.</doc>
<arguments>
<arg>${video_title}</arg>
</arguments>
<assign>
<var>${titulo}</var>
</assign>
<msg timestamp="20210214 23:35:14.932" level="INFO">${titulo} = Highlights FC Barcelona vs Deportivo Alavés (5-1)</msg>
<status status="PASS" starttime="20210214 23:35:14.922" endtime="20210214 23:35:14.932"></status>
</kw>
<kw name="Append To List" library="Collections">
<doc>Adds ``values`` to the end of ``list``.</doc>
<arguments>
<arg>${title}</arg>
<arg>${titulo}</arg>
</arguments>
<status status="PASS" starttime="20210214 23:35:14.932" endtime="20210214 23:35:14.933"></status>
</kw>
<kw name="Get Text" library="Selenium2Library">
<doc>Returns the text value of the element identified by ``locator``.</doc>
<arguments>
<arg>${video_views}</arg>
</arguments>
<assign>
<var>${visualizacoes}</var>
</assign>
<msg timestamp="20210214 23:35:14.943" level="INFO">${visualizacoes} = 1 491 222 visualizações</msg>
<status status="PASS" starttime="20210214 23:35:14.933" endtime="20210214 23:35:14.943"></status>
</kw>
<kw name="convert views">
<arguments>
<arg>${visualizacoes}</arg>
</arguments>
<assign>
<var>${views_convertida}</var>
</assign>
<kw name="Split String" library="String">
<doc>Splits the ``string`` using ``separator`` as a delimiter string.</doc>
<arguments>
<arg>${views_to_split}</arg>
<arg>${SPACE}</arg>
</arguments>
<assign>
<var>@{words}</var>
</assign>
<msg timestamp="20210214 23:35:14.943" level="INFO">@{words} = [ 1 | 491 | 222 | visualizações ]</msg>
<status status="PASS" starttime="20210214 23:35:14.943" endtime="20210214 23:35:14.943"></status>
</kw>
<kw name="Get Length" library="BuiltIn">
<doc>Returns and logs the length of the given item as an integer.</doc>
<arguments>
<arg>${words}</arg>
</arguments>
<assign>
<var>${leng}</var>
</assign>
<msg timestamp="20210214 23:35:14.944" level="INFO">Length is 4</msg>
<msg timestamp="20210214 23:35:14.944" level="INFO">${leng} = 4</msg>
<status status="PASS" starttime="20210214 23:35:14.943" endtime="20210214 23:35:14.944"></status>
</kw>
<kw name="Run Keyword If" library="BuiltIn">
<doc>Runs the given keyword with the given arguments, if ``condition`` is true.</doc>
<arguments>
<arg>${leng}==4</arg>
<arg>Catenate</arg>
<arg>SEPARATOR=</arg>
<arg>${words[0]}</arg>
<arg>${words[1]}</arg>
<arg>${words[2]}</arg>
<arg>ELSE</arg>
<arg>Catenate</arg>
<arg>SEPARATOR=</arg>
<arg>${words[0]}</arg>
<arg>${words[1]}</arg>
</arguments>
<assign>
<var>${views_join}</var>
</assign>
<kw name="Catenate" library="BuiltIn">
<doc>Catenates the given items together and returns the resulted string.</doc>
<arguments>
<arg>SEPARATOR=</arg>
<arg>${words[0]}</arg>
<arg>${words[1]}</arg>
<arg>${words[2]}</arg>
</arguments>
<status status="PASS" starttime="20210214 23:35:14.944" endtime="20210214 23:35:14.944"></status>
</kw>
<msg timestamp="20210214 23:35:14.944" level="INFO">${views_join} = 1491222</msg>
<status status="PASS" starttime="20210214 23:35:14.944" endtime="20210214 23:35:14.944"></status>
</kw>
<msg timestamp="20210214 23:35:14.944" level="INFO">${views_convertida} = 1491222</msg>
<status status="PASS" starttime="20210214 23:35:14.943" endtime="20210214 23:35:14.944"></status>
</kw>
<kw name="Append To List" library="Collections">
<doc>Adds ``values`` to the end of ``list``.</doc>
<arguments>
<arg>${views}</arg>
<arg>${views_convertida}</arg>
</arguments>
<status status="PASS" starttime="20210214 23:35:14.945" endtime="20210214 23:35:14.945"></status>
</kw>
<kw name="Get Text" library="Selenium2Library">
<doc>Returns the text value of the element identified by ``locator``.</doc>
<arguments>
<arg>${video_duration}</arg>
</arguments>
<assign>
<var>${duracao}</var>
</assign>
<msg timestamp="20210214 23:35:14.960" level="INFO">${duracao} = 1:30</msg>
<status status="PASS" starttime="20210214 23:35:14.945" endtime="20210214 23:35:14.960"></status>
</kw>
<kw name="Append To List" library="Collections">
<doc>Adds ``values`` to the end of ``list``.</doc>
<arguments>
<arg>${duraction}</arg>
<arg>${duracao}</arg>
</arguments>
<status status="PASS" starttime="20210214 23:35:14.960" endtime="20210214 23:35:14.960"></status>
</kw>
<kw name="Go Back" library="Selenium2Library">
<doc>Simulates the user clicking the back button on their browser.</doc>
<status status="PASS" starttime="20210214 23:35:14.960" endtime="20210214 23:35:15.096"></status>
</kw>
<status status="PASS" starttime="20210214 23:35:14.016" endtime="20210214 23:35:15.096"></status>
</kw>
<kw name="${i} = 13" type="foritem">
<kw name="Wait Until Element Is Visible" library="Selenium2Library">
<doc>Waits until the element ``locator`` is visible.</doc>
<arguments>
<arg>${trending_list}\[${i}]</arg>
</arguments>
<status status="PASS" starttime="20210214 23:35:15.096" endtime="20210214 23:35:15.147"></status>
</kw>
<kw name="Scroll Element Into View" library="Selenium2Library">
<doc>Scrolls the element identified by ``locator`` into view.</doc>
<arguments>
<arg>${trending_list}\[${i}]</arg>
</arguments>
<status status="PASS" starttime="20210214 23:35:15.147" endtime="20210214 23:35:15.436"></status>
</kw>
<kw name="Click Element" library="Selenium2Library">
<doc>Click the element identified by ``locator``.</doc>
<arguments>
<arg>${trending_list}\[${i}]</arg>
</arguments>
<msg timestamp="20210214 23:35:15.437" level="INFO">Clicking element '(//*[@id="grid-container"])[1]/ytd-video-renderer[13]'.</msg>
<status status="PASS" starttime="20210214 23:35:15.437" endtime="20210214 23:35:15.485"></status>
</kw>
<kw name="Wait Until Element Is Visible" library="Selenium2Library">
<doc>Waits until the element ``locator`` is visible.</doc>
<arguments>
<arg>${video_title}</arg>
</arguments>
<status status="PASS" starttime="20210214 23:35:15.485" endtime="20210214 23:35:16.037"></status>
</kw>
<kw name="Get Text" library="Selenium2Library">
<doc>Returns the text value of the element identified by ``locator``.</doc>
<arguments>
<arg>${video_title}</arg>
</arguments>
<assign>
<var>${titulo}</var>
</assign>
<msg timestamp="20210214 23:35:16.104" level="INFO">${titulo} = Cardi B - Up [Official Music Video]</msg>
<status status="PASS" starttime="20210214 23:35:16.037" endtime="20210214 23:35:16.104"></status>
</kw>
<kw name="Append To List" library="Collections">
<doc>Adds ``values`` to the end of ``list``.</doc>
<arguments>
<arg>${title}</arg>
<arg>${titulo}</arg>
</arguments>
[...]
<doc>Simulates the user clicking the back button on their browser.</doc>
<status status="PASS" starttime="20210214 23:36:00.219" endtime="20210214 23:36:00.400"></status>
</kw>
<status status="PASS" starttime="20210214 23:35:59.230" endtime="20210214 23:36:00.400"></status>
</kw>
<kw name="${i} = 47" type="foritem">
<kw name="Wait Until Element Is Visible" library="Selenium2Library">
<doc>Waits until the element ``locator`` is visible.</doc>
<arguments>
<arg>${trending_list}\[${i}]</arg>
</arguments>
<status status="PASS" starttime="20210214 23:36:00.400" endtime="20210214 23:36:00.419"></status>
</kw>
<kw name="Scroll Element Into View" library="Selenium2Library">
<doc>Scrolls the element identified by ``locator`` into view.</doc>
<arguments>
<arg>${trending_list}\[${i}]</arg>
</arguments>
<status status="PASS" starttime="20210214 23:36:00.419" endtime="20210214 23:36:00.696"></status>
</kw>
<kw name="Click Element" library="Selenium2Library">
<doc>Click the element identified by ``locator``.</doc>
<arguments>
<arg>${trending_list}\[${i}]</arg>
</arguments>
<msg timestamp="20210214 23:36:00.696" level="INFO">Clicking element '(//*[@id="grid-container"])[1]/ytd-video-renderer[47]'.</msg>
<status status="PASS" starttime="20210214 23:36:00.696" endtime="20210214 23:36:00.740"></status>
</kw>
<kw name="Wait Until Element Is Visible" library="Selenium2Library">
<doc>Waits until the element ``locator`` is visible.</doc>
<arguments>
<arg>${video_title}</arg>
</arguments>
<status status="PASS" starttime="20210214 23:36:00.740" endtime="20210214 23:36:01.270"></status>
</kw>
<kw name="Get Text" library="Selenium2Library">
<doc>Returns the text value of the element identified by ``locator``.</doc>
<arguments>
<arg>${video_title}</arg>
</arguments>
<assign>
<var>${titulo}</var>
</assign>
<msg timestamp="20210214 23:36:01.355" level="INFO">${titulo} = Carla Prata - Certified Freak | A COLORS SHOW</msg>
<status status="PASS" starttime="20210214 23:36:01.270" endtime="20210214 23:36:01.355"></status>
</kw>
<kw name="Append To List" library="Collections">
<doc>Adds ``values`` to the end of ``list``.</doc>
<arguments>
<arg>${title}</arg>
<arg>${titulo}</arg>
</arguments>
<status status="PASS" starttime="20210214 23:36:01.355" endtime="20210214 23:36:01.356"></status>
</kw>
<kw name="Get Text" library="Selenium2Library">
<doc>Returns the text value of the element identified by ``locator``.</doc>
<arguments>
<arg>${video_views}</arg>
</arguments>
<assign>
<var>${visualizacoes}</var>
</assign>
<msg timestamp="20210214 23:36:01.439" level="INFO">${visualizacoes} = 220 707 visualizações</msg>
<status status="PASS" starttime="20210214 23:36:01.356" endtime="20210214 23:36:01.439"></status>
</kw>
<kw name="convert views">
<arguments>
<arg>${visualizacoes}</arg>
</arguments>
<assign>
<var>${views_convertida}</var>
</assign>
<kw name="Split String" library="String">
<doc>Splits the ``string`` using ``separator`` as a delimiter string.</doc>
<arguments>
<arg>${views_to_split}</arg>
<arg>${SPACE}</arg>
</arguments>
<assign>
<var>@{words}</var>
</assign>
<msg timestamp="20210214 23:36:01.440" level="INFO">@{words} = [ 220 | 707 | visualizações ]</msg>
<status status="PASS" starttime="20210214 23:36:01.440" endtime="20210214 23:36:01.440"></status>
</kw>
<kw name="Get Length" library="BuiltIn">
<doc>Returns and logs the length of the given item as an integer.</doc>
<arguments>
<arg>${words}</arg>
</arguments>
<assign>
<var>${leng}</var>
</assign>
<msg timestamp="20210214 23:36:01.440" level="INFO">Length is 3</msg>
<msg timestamp="20210214 23:36:01.440" level="INFO">${leng} = 3</msg>
<status status="PASS" starttime="20210214 23:36:01.440" endtime="20210214 23:36:01.440"></status>
</kw>
<kw name="Run Keyword If" library="BuiltIn">
<doc>Runs the given keyword with the given arguments, if ``condition`` is true.</doc>
<arguments>
<arg>${leng}==4</arg>
<arg>Catenate</arg>
<arg>SEPARATOR=</arg>
<arg>${words[0]}</arg>
<arg>${words[1]}</arg>
<arg>${words[2]}</arg>
<arg>ELSE</arg>
<arg>Catenate</arg>
<arg>SEPARATOR=</arg>
<arg>${words[0]}</arg>
<arg>${words[1]}</arg>
</arguments>
<assign>
<var>${views_join}</var>
</assign>
<kw name="Catenate" library="BuiltIn">
<doc>Catenates the given items together and returns the resulted string.</doc>
<arguments>
<arg>SEPARATOR=</arg>
<arg>${words[0]}</arg>
<arg>${words[1]}</arg>
</arguments>
<status status="PASS" starttime="20210214 23:36:01.440" endtime="20210214 23:36:01.441"></status>
</kw>
<msg timestamp="20210214 23:36:01.441" level="INFO">${views_join} = 220707</msg>
<status status="PASS" starttime="20210214 23:36:01.440" endtime="20210214 23:36:01.441"></status>
</kw>
<msg timestamp="20210214 23:36:01.441" level="INFO">${views_convertida} = 220707</msg>
<status status="PASS" starttime="20210214 23:36:01.439" endtime="20210214 23:36:01.441"></status>
</kw>
<kw name="Append To List" library="Collections">
<doc>Adds ``values`` to the end of ``list``.</doc>
<arguments>
<arg>${views}</arg>
<arg>${views_convertida}</arg>
</arguments>
<status status="PASS" starttime="20210214 23:36:01.441" endtime="20210214 23:36:01.441"></status>
</kw>
<kw name="Get Text" library="Selenium2Library">
<doc>Returns the text value of the element identified by ``locator``.</doc>
<arguments>
<arg>${video_duration}</arg>
</arguments>
<assign>
<var>${duracao}</var>
</assign>
<msg timestamp="20210214 23:36:01.482" level="INFO">${duracao} = 2:55</msg>
<status status="PASS" starttime="20210214 23:36:01.441" endtime="20210214 23:36:01.482"></status>
</kw>
<kw name="Append To List" library="Collections">
<doc>Adds ``values`` to the end of ``list``.</doc>
<arguments>
<arg>${duraction}</arg>
<arg>${duracao}</arg>
</arguments>
<status status="PASS" starttime="20210214 23:36:01.482" endtime="20210214 23:36:01.482"></status>
</kw>
<kw name="Go Back" library="Selenium2Library">
<doc>Simulates the user clicking the back button on their browser.</doc>
<status status="PASS" starttime="20210214 23:36:01.482" endtime="20210214 23:36:01.669"></status>
</kw>
<status status="PASS" starttime="20210214 23:36:00.400" endtime="20210214 23:36:01.669"></status>
</kw>
<kw name="${i} = 48" type="foritem">
<kw name="Wait Until Element Is Visible" library="Selenium2Library">
<doc>Waits until the element ``locator`` is visible.</doc>
<arguments>
<arg>${trending_list}\[${i}]</arg>
</arguments>
<status status="PASS" starttime="20210214 23:36:01.669" endtime="20210214 23:36:01.694"></status>
</kw>
<kw name="Scroll Element Into View" library="Selenium2Library">
<doc>Scrolls the element identified by ``locator`` into view.</doc>
<arguments>
<arg>${trending_list}\[${i}]</arg>
</arguments>
<status status="PASS" starttime="20210214 23:36:01.694" endtime="20210214 23:36:02.057"></status>
</kw>
<kw name="Click Element" library="Selenium2Library">
<doc>Click the element identified by ``locator``.</doc>
<arguments>
<arg>${trending_list}\[${i}]</arg>
</arguments>
<msg timestamp="20210214 23:36:02.058" level="INFO">Clicking element '(//*[@id="grid-container"])[1]/ytd-video-renderer[48]'.</msg>
<status status="PASS" starttime="20210214 23:36:02.058" endtime="20210214 23:36:02.110"></status>
</kw>
<kw name="Wait Until Element Is Visible" library="Selenium2Library">
<doc>Waits until the element ``locator`` is visible.</doc>
<arguments>
<arg>${video_title}</arg>
</arguments>
<status status="PASS" starttime="20210214 23:36:02.110" endtime="20210214 23:36:02.622"></status>
</kw>
<kw name="Get Text" library="Selenium2Library">
<doc>Returns the text value of the element identified by ``locator``.</doc>
<arguments>
<arg>${video_title}</arg>
</arguments>
<assign>
<var>${titulo}</var>
</assign>
<msg timestamp="20210214 23:36:02.633" level="INFO">${titulo} = David Guetta | United at Home - Dubai Edition</msg>
<status status="PASS" starttime="20210214 23:36:02.622" endtime="20210214 23:36:02.633"></status>
</kw>
<kw name="Append To List" library="Collections">
<doc>Adds ``values`` to the end of ``list``.</doc>
<arguments>
<arg>${title}</arg>
<arg>${titulo}</arg>
</arguments>
<status status="PASS" starttime="20210214 23:36:02.633" endtime="20210214 23:36:02.633"></status>
</kw>
<kw name="Get Text" library="Selenium2Library">
<doc>Returns the text value of the element identified by ``locator``.</doc>
<arguments>
<arg>${video_views}</arg>
</arguments>
<assign>
<var>${visualizacoes}</var>
</assign>
<msg timestamp="20210214 23:36:02.672" level="INFO">${visualizacoes} = 3 665 496 visualizações</msg>
<status status="PASS" starttime="20210214 23:36:02.633" endtime="20210214 23:36:02.672"></status>
</kw>
<kw name="convert views">
<arguments>
<arg>${visualizacoes}</arg>
</arguments>
<assign>
<var>${views_convertida}</var>
</assign>
<kw name="Split String" library="String">
<doc>Splits the ``string`` using ``separator`` as a delimiter string.</doc>
<arguments>
<arg>${views_to_split}</arg>
<arg>${SPACE}</arg>
</arguments>
<assign>
<var>@{words}</var>
</assign>
<msg timestamp="20210214 23:36:02.672" level="INFO">@{words} = [ 3 | 665 | 496 | visualizações ]</msg>
<status status="PASS" starttime="20210214 23:36:02.672" endtime="20210214 23:36:02.672"></status>
</kw>
<kw name="Get Length" library="BuiltIn">
<doc>Returns and logs the length of the given item as an integer.</doc>
<arguments>
<arg>${words}</arg>
</arguments>
<assign>
<var>${leng}</var>
</assign>
<msg timestamp="20210214 23:36:02.673" level="INFO">Length is 4</msg>
<msg timestamp="20210214 23:36:02.673" level="INFO">${leng} = 4</msg>
<status status="PASS" starttime="20210214 23:36:02.672" endtime="20210214 23:36:02.673"></status>
</kw>
<kw name="Run Keyword If" library="BuiltIn">
<doc>Runs the given keyword with the given arguments, if ``condition`` is true.</doc>
<arguments>
<arg>${leng}==4</arg>
<arg>Catenate</arg>
<arg>SEPARATOR=</arg>
<arg>${words[0]}</arg>
<arg>${words[1]}</arg>
<arg>${words[2]}</arg>
<arg>ELSE</arg>
<arg>Catenate</arg>
<arg>SEPARATOR=</arg>
<arg>${words[0]}</arg>
<arg>${words[1]}</arg>
</arguments>
<assign>
<var>${views_join}</var>
</assign>
<kw name="Catenate" library="BuiltIn">
<doc>Catenates the given items together and returns the resulted string.</doc>
<arguments>
<arg>SEPARATOR=</arg>
<arg>${words[0]}</arg>
<arg>${words[1]}</arg>
<arg>${words[2]}</arg>
</arguments>
<status status="PASS" starttime="20210214 23:36:02.673" endtime="20210214 23:36:02.673"></status>
</kw>
<msg timestamp="20210214 23:36:02.673" level="INFO">${views_join} = 3665496</msg>
<status status="PASS" starttime="20210214 23:36:02.673" endtime="20210214 23:36:02.673"></status>
</kw>
<msg timestamp="20210214 23:36:02.673" level="INFO">${views_convertida} = 3665496</msg>
<status status="PASS" starttime="20210214 23:36:02.672" endtime="20210214 23:36:02.673"></status>
</kw>
<kw name="Append To List" library="Collections">
<doc>Adds ``values`` to the end of ``list``.</doc>
<arguments>
<arg>${views}</arg>
<arg>${views_convertida}</arg>
</arguments>
<status status="PASS" starttime="20210214 23:36:02.673" endtime="20210214 23:36:02.674"></status>
</kw>
<kw name="Get Text" library="Selenium2Library">
<doc>Returns the text value of the element identified by ``locator``.</doc>
<arguments>
<arg>${video_duration}</arg>
</arguments>
<assign>
<var>${duracao}</var>
</assign>
<msg timestamp="20210214 23:36:02.690" level="INFO">${duracao} = 1:05:06</msg>
<status status="PASS" starttime="20210214 23:36:02.674" endtime="20210214 23:36:02.690"></status>
</kw>
<kw name="Append To List" library="Collections">
<doc>Adds ``values`` to the end of ``list``.</doc>
<arguments>
<arg>${duraction}</arg>
<arg>${duracao}</arg>
</arguments>
<status status="PASS" starttime="20210214 23:36:02.691" endtime="20210214 23:36:02.691"></status>
</kw>
<kw name="Go Back" library="Selenium2Library">
<doc>Simulates the user clicking the back button on their browser.</doc>
<status status="PASS" starttime="20210214 23:36:02.691" endtime="20210214 23:36:02.875"></status>
</kw>
<status status="PASS" starttime="20210214 23:36:01.669" endtime="20210214 23:36:02.875"></status>
</kw>
<kw name="${i} = 49" type="foritem">
<kw name="Wait Until Element Is Visible" library="Selenium2Library">
<doc>Waits until the element ``locator`` is visible.</doc>
<arguments>
<arg>${trending_list}\[${i}]</arg>
</arguments>
<status status="PASS" starttime="20210214 23:36:02.875" endtime="20210214 23:36:02.894"></status>
</kw>
<kw name="Scroll Element Into View" library="Selenium2Library">
<doc>Scrolls the element identified by ``locator`` into view.</doc>
<arguments>
<arg>${trending_list}\[${i}]</arg>
</arguments>
<status status="PASS" starttime="20210214 23:36:02.894" endtime="20210214 23:36:03.275"></status>
</kw>
<kw name="Click Element" library="Selenium2Library">
<doc>Click the element identified by ``locator``.</doc>
<arguments>
<arg>${trending_list}\[${i}]</arg>
</arguments>
<msg timestamp="20210214 23:36:03.275" level="INFO">Clicking element '(//*[@id="grid-container"])[1]/ytd-video-renderer[49]'.</msg>
<status status="PASS" starttime="20210214 23:36:03.275" endtime="20210214 23:36:03.318"></status>
</kw>
<kw name="Wait Until Element Is Visible" library="Selenium2Library">
<doc>Waits until the element ``locator`` is visible.</doc>
<arguments>
<arg>${video_title}</arg>
</arguments>
<status status="PASS" starttime="20210214 23:36:03.318" endtime="20210214 23:36:03.887"></status>
</kw>
<kw name="Get Text" library="Selenium2Library">
<doc>Returns the text value of the element identified by ``locator``.</doc>
<arguments>
<arg>${video_title}</arg>
</arguments>
<assign>
<var>${titulo}</var>
</assign>
<msg timestamp="20210214 23:36:03.969" level="INFO">${titulo} = KAROL G, Anuel AA, J. Balvin - LOCATION (Official Video)</msg>
<status status="PASS" starttime="20210214 23:36:03.887" endtime="20210214 23:36:03.969"></status>
</kw>
<kw name="Append To List" library="Collections">
<doc>Adds ``values`` to the end of ``list``.</doc>
<arguments>
<arg>${title}</arg>
<arg>${titulo}</arg>
</arguments>
<status status="PASS" starttime="20210214 23:36:03.970" endtime="20210214 23:36:03.970"></status>
</kw>
<kw name="Get Text" library="Selenium2Library">
<doc>Returns the text value of the element identified by ``locator``.</doc>
<arguments>
<arg>${video_views}</arg>
</arguments>
<assign>
<var>${visualizacoes}</var>
</assign>
<msg timestamp="20210214 23:36:04.019" level="INFO">${visualizacoes} = 14 294 628 visualizações</msg>
<status status="PASS" starttime="20210214 23:36:03.970" endtime="20210214 23:36:04.019"></status>
</kw>
<kw name="convert views">
<arguments>
<arg>${visualizacoes}</arg>
</arguments>
<assign>
<var>${views_convertida}</var>
</assign>
<kw name="Split String" library="String">
<doc>Splits the ``string`` using ``separator`` as a delimiter string.</doc>
<arguments>
<arg>${views_to_split}</arg>
<arg>${SPACE}</arg>
</arguments>
<assign>
<var>@{words}</var>
</assign>
<msg timestamp="20210214 23:36:04.019" level="INFO">@{words} = [ 14 | 294 | 628 | visualizações ]</msg>
<status status="PASS" starttime="20210214 23:36:04.019" endtime="20210214 23:36:04.019"></status>
</kw>
<kw name="Get Length" library="BuiltIn">
<doc>Returns and logs the length of the given item as an integer.</doc>
<arguments>
<arg>${words}</arg>
</arguments>
<assign>
<var>${leng}</var>
</assign>
<msg timestamp="20210214 23:36:04.019" level="INFO">Length is 4</msg>
<msg timestamp="20210214 23:36:04.019" level="INFO">${leng} = 4</msg>
<status status="PASS" starttime="20210214 23:36:04.019" endtime="20210214 23:36:04.019"></status>
</kw>
<kw name="Run Keyword If" library="BuiltIn">
<doc>Runs the given keyword with the given arguments, if ``condition`` is true.</doc>
<arguments>
<arg>${leng}==4</arg>
<arg>Catenate</arg>
<arg>SEPARATOR=</arg>
<arg>${words[0]}</arg>
<arg>${words[1]}</arg>
<arg>${words[2]}</arg>
<arg>ELSE</arg>
<arg>Catenate</arg>
<arg>SEPARATOR=</arg>
<arg>${words[0]}</arg>
<arg>${words[1]}</arg>
</arguments>
<assign>
<var>${views_join}</var>
</assign>
<kw name="Catenate" library="BuiltIn">
<doc>Catenates the given items together and returns the resulted string.</doc>
<arguments>
<arg>SEPARATOR=</arg>
<arg>${words[0]}</arg>
<arg>${words[1]}</arg>
<arg>${words[2]}</arg>
</arguments>
<status status="PASS" starttime="20210214 23:36:04.020" endtime="20210214 23:36:04.020"></status>
</kw>
<msg timestamp="20210214 23:36:04.020" level="INFO">${views_join} = 14294628</msg>
<status status="PASS" starttime="20210214 23:36:04.019" endtime="20210214 23:36:04.020"></status>
</kw>
<msg timestamp="20210214 23:36:04.020" level="INFO">${views_convertida} = 14294628</msg>
<status status="PASS" starttime="20210214 23:36:04.019" endtime="20210214 23:36:04.020"></status>
</kw>
<kw name="Append To List" library="Collections">
<doc>Adds ``values`` to the end of ``list``.</doc>
<arguments>
<arg>${views}</arg>
<arg>${views_convertida}</arg>
</arguments>
<status status="PASS" starttime="20210214 23:36:04.020" endtime="20210214 23:36:04.020"></status>
</kw>
<kw name="Get Text" library="Selenium2Library">
<doc>Returns the text value of the element identified by ``locator``.</doc>
<arguments>
<arg>${video_duration}</arg>
</arguments>
<assign>
<var>${duracao}</var>
</assign>
<msg timestamp="20210214 23:36:04.067" level="INFO">${duracao} = 4:29</msg>
<status status="PASS" starttime="20210214 23:36:04.021" endtime="20210214 23:36:04.067"></status>
</kw>
<kw name="Append To List" library="Collections">
<doc>Adds ``values`` to the end of ``list``.</doc>
<arguments>
<arg>${duraction}</arg>
<arg>${duracao}</arg>
</arguments>
<status status="PASS" starttime="20210214 23:36:04.067" endtime="20210214 23:36:04.067"></status>
</kw>
<kw name="Go Back" library="Selenium2Library">
<doc>Simulates the user clicking the back button on their browser.</doc>
<status status="PASS" starttime="20210214 23:36:04.067" endtime="20210214 23:36:04.240"></status>
</kw>
<status status="PASS" starttime="20210214 23:36:02.875" endtime="20210214 23:36:04.240"></status>
</kw>
<status status="PASS" starttime="20210214 23:34:57.823" endtime="20210214 23:36:04.240"></status>
</kw>
<status status="PASS" starttime="20210214 23:34:57.823" endtime="20210214 23:36:04.240"></status>
</kw>
<kw name="I find the 5 most viewed videos">
<kw name="Log" library="BuiltIn">
<doc>Logs the given message with the given level.</doc>
<arguments>
<arg>Incomplete part - To do</arg>
</arguments>
<msg timestamp="20210214 23:36:04.240" level="INFO">Incomplete part - To do</msg>
<status status="PASS" starttime="20210214 23:36:04.240" endtime="20210214 23:36:04.241"></status>
</kw>
<status status="PASS" starttime="20210214 23:36:04.240" endtime="20210214 23:36:04.241"></status>
</kw>
<kw name="Close Browser" library="Selenium2Library" type="teardown">
<doc>Closes the current browser.</doc>
<status status="PASS" starttime="20210214 23:36:04.241" endtime="20210214 23:36:06.405"></status>
</kw>
<doc>number of views - video name - video ID</doc>
<status status="PASS" starttime="20210214 23:34:51.602" endtime="20210214 23:36:06.406" critical="yes"></status>
</test>
<status status="PASS" starttime="20210214 23:34:51.452" endtime="20210214 23:36:06.407"></status>
</suite>
<statistics>
<total>
<stat pass="1" fail="0">Critical Tests</stat>
<stat pass="1" fail="0">All Tests</stat>
</total>
<tag>
</tag>
<suite>
<stat pass="1" fail="0" id="s1" name="Youtube">Youtube</stat>
</suite>
</statistics>
<errors>
<msg timestamp="20210214 23:34:57.822" level="WARN">Number of threanding videos: 50</msg>
</errors>
</robot>
